2020-01-29 11:33:43.241 [restartedMain] INFO  c.r.c.ClientApplication - [logStarting,55] - Starting ClientApplication on PC-201911242152 with PID 6816 (G:\IDEAPRECT\GIT\client\target\classes started by Administrator in G:\IDEAPRECT\GIT\client)
2020-01-29 11:33:43.247 [restartedMain] INFO  c.r.c.ClientApplication - [logStartupProfileInfo,651] - No active profile set, falling back to default profiles: default
2020-01-29 11:33:43.317 [restartedMain] INFO  o.s.b.d.r.ChangeableUrls - [logTo,225] - The Class-Path manifest attribute in D:\WorkSoftware\maven\maven3.6.2\repository\org\glassfish\jaxb\jaxb-runtime\2.3.2\jaxb-runtime-2.3.2.jar referenced one or more files that do not exist: file:/D:/WorkSoftware/maven/maven3.6.2/repository/org/glassfish/jaxb/jaxb-runtime/2.3.2/jakarta.xml.bind-api-2.3.2.jar,file:/D:/WorkSoftware/maven/maven3.6.2/repository/org/glassfish/jaxb/jaxb-runtime/2.3.2/txw2-2.3.2.jar,file:/D:/WorkSoftware/maven/maven3.6.2/repository/org/glassfish/jaxb/jaxb-runtime/2.3.2/istack-commons-runtime-3.0.8.jar,file:/D:/WorkSoftware/maven/maven3.6.2/repository/org/glassfish/jaxb/jaxb-runtime/2.3.2/stax-ex-1.8.1.jar,file:/D:/WorkSoftware/maven/maven3.6.2/repository/org/glassfish/jaxb/jaxb-runtime/2.3.2/FastInfoset-1.2.16.jar,file:/D:/WorkSoftware/maven/maven3.6.2/repository/org/glassfish/jaxb/jaxb-runtime/2.3.2/jakarta.activation-api-1.2.1.jar
2020-01-29 11:33:43.318 [restartedMain] INFO  o.s.b.d.e.DevToolsPropertyDefaultsPostProcessor - [logTo,225] - Devtools property defaults active! Set 'spring.devtools.add-properties' to 'false' to disable
2020-01-29 11:33:43.318 [restartedMain] INFO  o.s.b.d.e.DevToolsPropertyDefaultsPostProcessor - [logTo,225] - For additional web related logging consider setting the 'logging.level.web' property to 'DEBUG'
2020-01-29 11:33:44.474 [restartedMain] INFO  o.s.d.r.c.RepositoryConfigurationDelegate - [registerRepositoriesIn,127] - Bootstrapping Spring Data JPA repositories in DEFAULT mode.
2020-01-29 11:33:44.570 [restartedMain] INFO  o.s.d.r.c.RepositoryConfigurationDelegate - [registerRepositoriesIn,187] - Finished Spring Data repository scanning in 83ms. Found 1 JPA repository interfaces.
2020-01-29 11:33:45.043 [restartedMain] INFO  o.s.c.s.PostProcessorRegistrationDelegate$BeanPostProcessorChecker - [postProcessAfterInitialization,330] - Bean 'org.springframework.transaction.annotation.ProxyTransactionManagementConfiguration' of type [org.springframework.transaction.annotation.ProxyTransactionManagementConfiguration] is not eligible for getting processed by all BeanPostProcessors (for example: not eligible for auto-proxying)
2020-01-29 11:33:45.751 [restartedMain] INFO  o.s.b.w.e.t.TomcatWebServer - [initialize,92] - Tomcat initialized with port(s): 8080 (http)
2020-01-29 11:33:45.766 [restartedMain] INFO  o.a.c.h.Http11NioProtocol - [log,173] - Initializing ProtocolHandler ["http-nio-8080"]
2020-01-29 11:33:45.767 [restartedMain] INFO  o.a.c.c.StandardService - [log,173] - Starting service [Tomcat]
2020-01-29 11:33:45.768 [restartedMain] INFO  o.a.c.c.StandardEngine - [log,173] - Starting Servlet engine: [Apache Tomcat/9.0.29]
2020-01-29 11:33:45.989 [restartedMain] INFO  o.a.c.c.C.[.[.[/] - [log,173] - Initializing Spring embedded WebApplicationContext
2020-01-29 11:33:45.990 [restartedMain] INFO  o.s.w.c.ContextLoader - [prepareWebApplicationContext,284] - Root WebApplicationContext: initialization completed in 2671 ms
2020-01-29 11:33:46.263 [restartedMain] INFO  o.h.j.i.u.LogHelper - [logPersistenceUnitInformation,31] - HHH000204: Processing PersistenceUnitInfo [name: default]
2020-01-29 11:33:46.391 [restartedMain] INFO  o.hibernate.Version - [logVersion,46] - HHH000412: Hibernate Core {5.4.9.Final}
2020-01-29 11:33:46.562 [restartedMain] INFO  o.h.a.common.Version - [<clinit>,49] - HCANN000001: Hibernate Commons Annotations {5.1.0.Final}
2020-01-29 11:33:46.689 [restartedMain] INFO  c.z.h.HikariDataSource - [getConnection,110] - MyHikariCP - Starting...
2020-01-29 11:33:47.764 [restartedMain] INFO  c.z.h.HikariDataSource - [getConnection,123] - MyHikariCP - Start completed.
2020-01-29 11:33:47.791 [restartedMain] INFO  o.h.dialect.Dialect - [<init>,172] - HHH000400: Using dialect: org.hibernate.dialect.MySQL8Dialect
2020-01-29 11:33:49.403 [restartedMain] INFO  o.h.e.t.j.p.i.JtaPlatformInitiator - [initiateService,52] - HHH000490: Using JtaPlatform implementation: [org.hibernate.engine.transaction.jta.platform.internal.NoJtaPlatform]
2020-01-29 11:33:49.424 [restartedMain] INFO  o.s.o.j.LocalContainerEntityManagerFactoryBean - [buildNativeEntityManagerFactory,416] - Initialized JPA EntityManagerFactory for persistence unit 'default'
2020-01-29 11:33:49.490 [restartedMain] INFO  o.s.b.d.a.OptionalLiveReloadServer - [startServer,58] - LiveReload server is running on port 35729
2020-01-29 11:33:50.368 [restartedMain] INFO  s.d.s.w.PropertySourcedRequestMappingHandlerMapping - [initHandlerMethods,69] - Mapped URL path [/v2/api-docs] onto method [springfox.documentation.swagger2.web.Swagger2Controller#getDocumentation(String, HttpServletRequest)]
2020-01-29 11:33:50.542 [restartedMain] INFO  o.s.s.c.ThreadPoolTaskExecutor - [initialize,171] - Initializing ExecutorService 'applicationTaskExecutor'
2020-01-29 11:33:51.082 [restartedMain] INFO  s.d.s.w.p.DocumentationPluginsBootstrapper - [start,151] - Context refreshed
2020-01-29 11:33:51.102 [restartedMain] INFO  s.d.s.w.p.DocumentationPluginsBootstrapper - [start,154] - Found 1 custom documentation plugin(s)
2020-01-29 11:33:51.127 [restartedMain] INFO  s.d.s.w.s.ApiListingReferenceScanner - [scan,41] - Scanning for api listing references
2020-01-29 11:33:51.352 [restartedMain] INFO  o.a.c.h.Http11NioProtocol - [log,173] - Starting ProtocolHandler ["http-nio-8080"]
2020-01-29 11:33:51.382 [restartedMain] INFO  o.s.b.w.e.t.TomcatWebServer - [start,204] - Tomcat started on port(s): 8080 (http) with context path ''
2020-01-29 11:33:51.385 [restartedMain] INFO  c.r.c.ClientApplication - [logStarted,61] - Started ClientApplication in 9.65 seconds (JVM running for 11.662)
2020-01-29 11:34:49.658 [restartedMain] INFO  c.r.c.ClientApplication - [logStarting,55] - Starting ClientApplication on PC-201911242152 with PID 7508 (G:\IDEAPRECT\GIT\client\target\classes started by Administrator in G:\IDEAPRECT\GIT\client)
2020-01-29 11:34:49.663 [restartedMain] INFO  c.r.c.ClientApplication - [logStartupProfileInfo,651] - No active profile set, falling back to default profiles: default
2020-01-29 11:34:49.736 [restartedMain] INFO  o.s.b.d.r.ChangeableUrls - [logTo,225] - The Class-Path manifest attribute in D:\WorkSoftware\maven\maven3.6.2\repository\org\glassfish\jaxb\jaxb-runtime\2.3.2\jaxb-runtime-2.3.2.jar referenced one or more files that do not exist: file:/D:/WorkSoftware/maven/maven3.6.2/repository/org/glassfish/jaxb/jaxb-runtime/2.3.2/jakarta.xml.bind-api-2.3.2.jar,file:/D:/WorkSoftware/maven/maven3.6.2/repository/org/glassfish/jaxb/jaxb-runtime/2.3.2/txw2-2.3.2.jar,file:/D:/WorkSoftware/maven/maven3.6.2/repository/org/glassfish/jaxb/jaxb-runtime/2.3.2/istack-commons-runtime-3.0.8.jar,file:/D:/WorkSoftware/maven/maven3.6.2/repository/org/glassfish/jaxb/jaxb-runtime/2.3.2/stax-ex-1.8.1.jar,file:/D:/WorkSoftware/maven/maven3.6.2/repository/org/glassfish/jaxb/jaxb-runtime/2.3.2/FastInfoset-1.2.16.jar,file:/D:/WorkSoftware/maven/maven3.6.2/repository/org/glassfish/jaxb/jaxb-runtime/2.3.2/jakarta.activation-api-1.2.1.jar
2020-01-29 11:34:49.736 [restartedMain] INFO  o.s.b.d.e.DevToolsPropertyDefaultsPostProcessor - [logTo,225] - Devtools property defaults active! Set 'spring.devtools.add-properties' to 'false' to disable
2020-01-29 11:34:49.737 [restartedMain] INFO  o.s.b.d.e.DevToolsPropertyDefaultsPostProcessor - [logTo,225] - For additional web related logging consider setting the 'logging.level.web' property to 'DEBUG'
2020-01-29 11:34:50.589 [restartedMain] INFO  o.s.d.r.c.RepositoryConfigurationDelegate - [registerRepositoriesIn,127] - Bootstrapping Spring Data JPA repositories in DEFAULT mode.
2020-01-29 11:34:50.639 [restartedMain] INFO  o.s.d.r.c.RepositoryConfigurationDelegate - [registerRepositoriesIn,187] - Finished Spring Data repository scanning in 44ms. Found 1 JPA repository interfaces.
2020-01-29 11:34:50.931 [restartedMain] INFO  o.s.c.s.PostProcessorRegistrationDelegate$BeanPostProcessorChecker - [postProcessAfterInitialization,330] - Bean 'org.springframework.transaction.annotation.ProxyTransactionManagementConfiguration' of type [org.springframework.transaction.annotation.ProxyTransactionManagementConfiguration] is not eligible for getting processed by all BeanPostProcessors (for example: not eligible for auto-proxying)
2020-01-29 11:34:51.351 [restartedMain] INFO  o.s.b.w.e.t.TomcatWebServer - [initialize,92] - Tomcat initialized with port(s): 8080 (http)
2020-01-29 11:34:51.351 [restartedMain] INFO  o.a.c.h.Http11NioProtocol - [log,173] - Initializing ProtocolHandler ["http-nio-8080"]
2020-01-29 11:34:51.361 [restartedMain] INFO  o.a.c.c.StandardService - [log,173] - Starting service [Tomcat]
2020-01-29 11:34:51.361 [restartedMain] INFO  o.a.c.c.StandardEngine - [log,173] - Starting Servlet engine: [Apache Tomcat/9.0.29]
2020-01-29 11:34:51.539 [restartedMain] INFO  o.a.c.c.C.[.[.[/] - [log,173] - Initializing Spring embedded WebApplicationContext
2020-01-29 11:34:51.539 [restartedMain] INFO  o.s.w.c.ContextLoader - [prepareWebApplicationContext,284] - Root WebApplicationContext: initialization completed in 1802 ms
2020-01-29 11:34:51.702 [restartedMain] INFO  o.h.j.i.u.LogHelper - [logPersistenceUnitInformation,31] - HHH000204: Processing PersistenceUnitInfo [name: default]
2020-01-29 11:34:51.758 [restartedMain] INFO  o.hibernate.Version - [logVersion,46] - HHH000412: Hibernate Core {5.4.9.Final}
2020-01-29 11:34:51.870 [restartedMain] INFO  o.h.a.common.Version - [<clinit>,49] - HCANN000001: Hibernate Commons Annotations {5.1.0.Final}
2020-01-29 11:34:51.948 [restartedMain] INFO  c.z.h.HikariDataSource - [getConnection,110] - MyHikariCP - Starting...
2020-01-29 11:34:53.007 [restartedMain] INFO  c.z.h.HikariDataSource - [getConnection,123] - MyHikariCP - Start completed.
2020-01-29 11:34:53.047 [restartedMain] INFO  o.h.dialect.Dialect - [<init>,172] - HHH000400: Using dialect: org.hibernate.dialect.MySQL8Dialect
2020-01-29 11:34:54.045 [restartedMain] INFO  o.h.e.t.j.p.i.JtaPlatformInitiator - [initiateService,52] - HHH000490: Using JtaPlatform implementation: [org.hibernate.engine.transaction.jta.platform.internal.NoJtaPlatform]
2020-01-29 11:34:54.054 [restartedMain] INFO  o.s.o.j.LocalContainerEntityManagerFactoryBean - [buildNativeEntityManagerFactory,416] - Initialized JPA EntityManagerFactory for persistence unit 'default'
2020-01-29 11:34:54.123 [restartedMain] INFO  o.s.b.d.a.OptionalLiveReloadServer - [startServer,58] - LiveReload server is running on port 35729
2020-01-29 11:34:54.857 [restartedMain] INFO  s.d.s.w.PropertySourcedRequestMappingHandlerMapping - [initHandlerMethods,69] - Mapped URL path [/v2/api-docs] onto method [springfox.documentation.swagger2.web.Swagger2Controller#getDocumentation(String, HttpServletRequest)]
2020-01-29 11:34:55.037 [restartedMain] INFO  o.s.s.c.ThreadPoolTaskExecutor - [initialize,171] - Initializing ExecutorService 'applicationTaskExecutor'
2020-01-29 11:34:55.437 [restartedMain] INFO  s.d.s.w.p.DocumentationPluginsBootstrapper - [start,151] - Context refreshed
2020-01-29 11:34:55.452 [restartedMain] INFO  s.d.s.w.p.DocumentationPluginsBootstrapper - [start,154] - Found 1 custom documentation plugin(s)
2020-01-29 11:34:55.473 [restartedMain] INFO  s.d.s.w.s.ApiListingReferenceScanner - [scan,41] - Scanning for api listing references
2020-01-29 11:34:55.629 [restartedMain] INFO  o.a.c.h.Http11NioProtocol - [log,173] - Starting ProtocolHandler ["http-nio-8080"]
2020-01-29 11:34:55.652 [restartedMain] INFO  o.s.b.w.e.t.TomcatWebServer - [start,204] - Tomcat started on port(s): 8080 (http) with context path ''
2020-01-29 11:34:55.654 [restartedMain] INFO  c.r.c.ClientApplication - [logStarted,61] - Started ClientApplication in 6.884 seconds (JVM running for 7.865)
2020-01-29 11:35:47.673 [http-nio-8080-exec-1] INFO  o.a.c.c.C.[.[.[/] - [log,173] - Initializing Spring DispatcherServlet 'dispatcherServlet'
2020-01-29 11:35:47.674 [http-nio-8080-exec-1] INFO  o.s.w.s.DispatcherServlet - [initServletBean,525] - Initializing Servlet 'dispatcherServlet'
2020-01-29 11:35:47.684 [http-nio-8080-exec-1] INFO  o.s.w.s.DispatcherServlet - [initServletBean,547] - Completed initialization in 10 ms
2020-01-29 11:35:47.774 [http-nio-8080-exec-1] INFO  c.r.c.a.WebLogAspect - [logBeforeController,56] - ################URL : http://localhost:8080/save
2020-01-29 11:35:47.775 [http-nio-8080-exec-1] INFO  c.r.c.a.WebLogAspect - [logBeforeController,57] - ################HTTP_METHOD : POST
2020-01-29 11:35:47.775 [http-nio-8080-exec-1] INFO  c.r.c.a.WebLogAspect - [logBeforeController,58] - ################IP : 0:0:0:0:0:0:0:1
2020-01-29 11:35:47.776 [http-nio-8080-exec-1] INFO  c.r.c.a.WebLogAspect - [logBeforeController,59] - ################THE ARGS OF THE CONTROLLER : [School(id=null, name=123, address=ss, students=null, comment=123)]
2020-01-29 11:35:47.777 [http-nio-8080-exec-1] INFO  c.r.c.a.WebLogAspect - [logBeforeController,62] - ################CLASS_METHOD : com.rbgt.client.controller.UserController.saveUser
2020-01-29 11:35:47.782 [http-nio-8080-exec-1] INFO  c.r.c.c.UserController - [saveUser,80] - 我是学校信息 School(id=null, name=123, address=ss, students=null, comment=123)
2020-01-29 11:35:47.782 [http-nio-8080-exec-1] INFO  c.r.c.a.WebLogAspect - [doAfterReturning,70] - RESPONSE: null 
2020-01-29 11:35:47.783 [http-nio-8080-exec-1] INFO  c.r.c.a.WebLogAspect - [doAfterReturning,71] - SPEND TIME: 1580268947783 ms
2020-01-29 11:37:30.742 [restartedMain] INFO  c.r.c.ClientApplication - [logStarting,55] - Starting ClientApplication on PC-201911242152 with PID 8980 (G:\IDEAPRECT\GIT\client\target\classes started by Administrator in G:\IDEAPRECT\GIT\client)
2020-01-29 11:37:30.749 [restartedMain] INFO  c.r.c.ClientApplication - [logStartupProfileInfo,651] - No active profile set, falling back to default profiles: default
2020-01-29 11:37:30.956 [restartedMain] INFO  o.s.b.d.r.ChangeableUrls - [logTo,225] - The Class-Path manifest attribute in D:\WorkSoftware\maven\maven3.6.2\repository\org\glassfish\jaxb\jaxb-runtime\2.3.2\jaxb-runtime-2.3.2.jar referenced one or more files that do not exist: file:/D:/WorkSoftware/maven/maven3.6.2/repository/org/glassfish/jaxb/jaxb-runtime/2.3.2/jakarta.xml.bind-api-2.3.2.jar,file:/D:/WorkSoftware/maven/maven3.6.2/repository/org/glassfish/jaxb/jaxb-runtime/2.3.2/txw2-2.3.2.jar,file:/D:/WorkSoftware/maven/maven3.6.2/repository/org/glassfish/jaxb/jaxb-runtime/2.3.2/istack-commons-runtime-3.0.8.jar,file:/D:/WorkSoftware/maven/maven3.6.2/repository/org/glassfish/jaxb/jaxb-runtime/2.3.2/stax-ex-1.8.1.jar,file:/D:/WorkSoftware/maven/maven3.6.2/repository/org/glassfish/jaxb/jaxb-runtime/2.3.2/FastInfoset-1.2.16.jar,file:/D:/WorkSoftware/maven/maven3.6.2/repository/org/glassfish/jaxb/jaxb-runtime/2.3.2/jakarta.activation-api-1.2.1.jar
2020-01-29 11:37:30.956 [restartedMain] INFO  o.s.b.d.e.DevToolsPropertyDefaultsPostProcessor - [logTo,225] - Devtools property defaults active! Set 'spring.devtools.add-properties' to 'false' to disable
2020-01-29 11:37:30.956 [restartedMain] INFO  o.s.b.d.e.DevToolsPropertyDefaultsPostProcessor - [logTo,225] - For additional web related logging consider setting the 'logging.level.web' property to 'DEBUG'
2020-01-29 11:37:31.899 [restartedMain] INFO  o.s.d.r.c.RepositoryConfigurationDelegate - [registerRepositoriesIn,127] - Bootstrapping Spring Data JPA repositories in DEFAULT mode.
2020-01-29 11:37:31.968 [restartedMain] INFO  o.s.d.r.c.RepositoryConfigurationDelegate - [registerRepositoriesIn,187] - Finished Spring Data repository scanning in 57ms. Found 1 JPA repository interfaces.
2020-01-29 11:37:32.258 [restartedMain] INFO  o.s.c.s.PostProcessorRegistrationDelegate$BeanPostProcessorChecker - [postProcessAfterInitialization,330] - Bean 'org.springframework.transaction.annotation.ProxyTransactionManagementConfiguration' of type [org.springframework.transaction.annotation.ProxyTransactionManagementConfiguration] is not eligible for getting processed by all BeanPostProcessors (for example: not eligible for auto-proxying)
2020-01-29 11:37:32.680 [restartedMain] INFO  o.s.b.w.e.t.TomcatWebServer - [initialize,92] - Tomcat initialized with port(s): 8080 (http)
2020-01-29 11:37:32.688 [restartedMain] INFO  o.a.c.h.Http11NioProtocol - [log,173] - Initializing ProtocolHandler ["http-nio-8080"]
2020-01-29 11:37:32.689 [restartedMain] INFO  o.a.c.c.StandardService - [log,173] - Starting service [Tomcat]
2020-01-29 11:37:32.689 [restartedMain] INFO  o.a.c.c.StandardEngine - [log,173] - Starting Servlet engine: [Apache Tomcat/9.0.29]
2020-01-29 11:37:32.850 [restartedMain] INFO  o.a.c.c.C.[.[.[/] - [log,173] - Initializing Spring embedded WebApplicationContext
2020-01-29 11:37:32.850 [restartedMain] INFO  o.s.w.c.ContextLoader - [prepareWebApplicationContext,284] - Root WebApplicationContext: initialization completed in 1894 ms
2020-01-29 11:37:33.015 [restartedMain] INFO  o.h.j.i.u.LogHelper - [logPersistenceUnitInformation,31] - HHH000204: Processing PersistenceUnitInfo [name: default]
2020-01-29 11:37:33.066 [restartedMain] INFO  o.hibernate.Version - [logVersion,46] - HHH000412: Hibernate Core {5.4.9.Final}
2020-01-29 11:37:33.166 [restartedMain] INFO  o.h.a.common.Version - [<clinit>,49] - HCANN000001: Hibernate Commons Annotations {5.1.0.Final}
2020-01-29 11:37:33.243 [restartedMain] INFO  c.z.h.HikariDataSource - [getConnection,110] - MyHikariCP - Starting...
2020-01-29 11:37:34.319 [restartedMain] INFO  c.z.h.HikariDataSource - [getConnection,123] - MyHikariCP - Start completed.
2020-01-29 11:37:34.336 [restartedMain] INFO  o.h.dialect.Dialect - [<init>,172] - HHH000400: Using dialect: org.hibernate.dialect.MySQL8Dialect
2020-01-29 11:37:35.371 [restartedMain] INFO  o.h.e.t.j.p.i.JtaPlatformInitiator - [initiateService,52] - HHH000490: Using JtaPlatform implementation: [org.hibernate.engine.transaction.jta.platform.internal.NoJtaPlatform]
2020-01-29 11:37:35.391 [restartedMain] INFO  o.s.o.j.LocalContainerEntityManagerFactoryBean - [buildNativeEntityManagerFactory,416] - Initialized JPA EntityManagerFactory for persistence unit 'default'
2020-01-29 11:37:35.472 [restartedMain] INFO  o.s.b.d.a.OptionalLiveReloadServer - [startServer,58] - LiveReload server is running on port 35729
2020-01-29 11:37:36.249 [restartedMain] INFO  s.d.s.w.PropertySourcedRequestMappingHandlerMapping - [initHandlerMethods,69] - Mapped URL path [/v2/api-docs] onto method [springfox.documentation.swagger2.web.Swagger2Controller#getDocumentation(String, HttpServletRequest)]
2020-01-29 11:37:36.671 [restartedMain] INFO  o.s.s.c.ThreadPoolTaskExecutor - [initialize,171] - Initializing ExecutorService 'applicationTaskExecutor'
2020-01-29 11:37:37.251 [restartedMain] INFO  s.d.s.w.p.DocumentationPluginsBootstrapper - [start,151] - Context refreshed
2020-01-29 11:37:37.261 [restartedMain] INFO  s.d.s.w.p.DocumentationPluginsBootstrapper - [start,154] - Found 1 custom documentation plugin(s)
2020-01-29 11:37:37.281 [restartedMain] INFO  s.d.s.w.s.ApiListingReferenceScanner - [scan,41] - Scanning for api listing references
2020-01-29 11:37:37.452 [restartedMain] INFO  o.a.c.h.Http11NioProtocol - [log,173] - Starting ProtocolHandler ["http-nio-8080"]
2020-01-29 11:37:37.474 [restartedMain] INFO  o.s.b.w.e.t.TomcatWebServer - [start,204] - Tomcat started on port(s): 8080 (http) with context path ''
2020-01-29 11:37:37.477 [restartedMain] INFO  c.r.c.ClientApplication - [logStarted,61] - Started ClientApplication in 7.517 seconds (JVM running for 8.594)
2020-01-29 11:37:40.921 [http-nio-8080-exec-1] INFO  o.a.c.c.C.[.[.[/] - [log,173] - Initializing Spring DispatcherServlet 'dispatcherServlet'
2020-01-29 11:37:40.922 [http-nio-8080-exec-1] INFO  o.s.w.s.DispatcherServlet - [initServletBean,525] - Initializing Servlet 'dispatcherServlet'
2020-01-29 11:37:40.932 [http-nio-8080-exec-1] INFO  o.s.w.s.DispatcherServlet - [initServletBean,547] - Completed initialization in 10 ms
2020-01-29 11:37:41.013 [http-nio-8080-exec-1] INFO  c.r.c.a.WebLogAspect - [logBeforeController,56] - ################URL : http://localhost:8080/save
2020-01-29 11:37:41.014 [http-nio-8080-exec-1] INFO  c.r.c.a.WebLogAspect - [logBeforeController,57] - ################HTTP_METHOD : POST
2020-01-29 11:37:41.014 [http-nio-8080-exec-1] INFO  c.r.c.a.WebLogAspect - [logBeforeController,58] - ################IP : 0:0:0:0:0:0:0:1
2020-01-29 11:37:41.014 [http-nio-8080-exec-1] INFO  c.r.c.a.WebLogAspect - [logBeforeController,59] - ################THE ARGS OF THE CONTROLLER : [School(id=null, name=123, address=ss, students=null, comment=123)]
2020-01-29 11:37:41.016 [http-nio-8080-exec-1] INFO  c.r.c.a.WebLogAspect - [logBeforeController,62] - ################CLASS_METHOD : com.rbgt.client.controller.UserController.saveUser
2020-01-29 11:37:41.021 [http-nio-8080-exec-1] INFO  c.r.c.c.UserController - [saveUser,80] - 我是学校信息 School(id=null, name=123, address=ss, students=null, comment=123)
2020-01-29 11:37:41.021 [http-nio-8080-exec-1] INFO  c.r.c.a.WebLogAspect - [doAfterReturning,70] - RESPONSE: School(id=null, name=123, address=ss, students=null, comment=123) 
2020-01-29 11:37:41.022 [http-nio-8080-exec-1] INFO  c.r.c.a.WebLogAspect - [doAfterReturning,71] - SPEND TIME: 1580269061022 ms
2020-01-29 11:37:41.040 [http-nio-8080-exec-1] INFO  c.r.c.d.ResponseResultHandlerAdvice - [supports,22] - returnType:method 'saveUser' parameter -1
2020-01-29 11:37:41.040 [http-nio-8080-exec-1] INFO  c.r.c.d.ResponseResultHandlerAdvice - [supports,23] - converterType:class org.springframework.http.converter.json.MappingJackson2HttpMessageConverter
2020-01-29 11:37:57.762 [http-nio-8080-exec-3] INFO  c.r.c.e.ExceptionHandlerAdvice - [handleException,28] - 错误信息1 ResponseResult(code=50000, msg=服务器异常, data=null)
2020-01-29 11:39:28.855 [restartedMain] INFO  c.r.c.ClientApplication - [logStarting,55] - Starting ClientApplication on PC-201911242152 with PID 8088 (G:\IDEAPRECT\GIT\client\target\classes started by Administrator in G:\IDEAPRECT\GIT\client)
2020-01-29 11:39:28.858 [restartedMain] INFO  c.r.c.ClientApplication - [logStartupProfileInfo,651] - No active profile set, falling back to default profiles: default
2020-01-29 11:39:28.895 [restartedMain] INFO  o.s.b.d.r.ChangeableUrls - [logTo,225] - The Class-Path manifest attribute in D:\WorkSoftware\maven\maven3.6.2\repository\org\glassfish\jaxb\jaxb-runtime\2.3.2\jaxb-runtime-2.3.2.jar referenced one or more files that do not exist: file:/D:/WorkSoftware/maven/maven3.6.2/repository/org/glassfish/jaxb/jaxb-runtime/2.3.2/jakarta.xml.bind-api-2.3.2.jar,file:/D:/WorkSoftware/maven/maven3.6.2/repository/org/glassfish/jaxb/jaxb-runtime/2.3.2/txw2-2.3.2.jar,file:/D:/WorkSoftware/maven/maven3.6.2/repository/org/glassfish/jaxb/jaxb-runtime/2.3.2/istack-commons-runtime-3.0.8.jar,file:/D:/WorkSoftware/maven/maven3.6.2/repository/org/glassfish/jaxb/jaxb-runtime/2.3.2/stax-ex-1.8.1.jar,file:/D:/WorkSoftware/maven/maven3.6.2/repository/org/glassfish/jaxb/jaxb-runtime/2.3.2/FastInfoset-1.2.16.jar,file:/D:/WorkSoftware/maven/maven3.6.2/repository/org/glassfish/jaxb/jaxb-runtime/2.3.2/jakarta.activation-api-1.2.1.jar
2020-01-29 11:39:28.896 [restartedMain] INFO  o.s.b.d.e.DevToolsPropertyDefaultsPostProcessor - [logTo,225] - Devtools property defaults active! Set 'spring.devtools.add-properties' to 'false' to disable
2020-01-29 11:39:28.896 [restartedMain] INFO  o.s.b.d.e.DevToolsPropertyDefaultsPostProcessor - [logTo,225] - For additional web related logging consider setting the 'logging.level.web' property to 'DEBUG'
2020-01-29 11:39:29.661 [restartedMain] INFO  o.s.d.r.c.RepositoryConfigurationDelegate - [registerRepositoriesIn,127] - Bootstrapping Spring Data JPA repositories in DEFAULT mode.
2020-01-29 11:39:29.716 [restartedMain] INFO  o.s.d.r.c.RepositoryConfigurationDelegate - [registerRepositoriesIn,187] - Finished Spring Data repository scanning in 46ms. Found 1 JPA repository interfaces.
2020-01-29 11:39:29.993 [restartedMain] INFO  o.s.c.s.PostProcessorRegistrationDelegate$BeanPostProcessorChecker - [postProcessAfterInitialization,330] - Bean 'org.springframework.transaction.annotation.ProxyTransactionManagementConfiguration' of type [org.springframework.transaction.annotation.ProxyTransactionManagementConfiguration] is not eligible for getting processed by all BeanPostProcessors (for example: not eligible for auto-proxying)
2020-01-29 11:39:30.419 [restartedMain] INFO  o.s.b.w.e.t.TomcatWebServer - [initialize,92] - Tomcat initialized with port(s): 8080 (http)
2020-01-29 11:39:30.427 [restartedMain] INFO  o.a.c.h.Http11NioProtocol - [log,173] - Initializing ProtocolHandler ["http-nio-8080"]
2020-01-29 11:39:30.428 [restartedMain] INFO  o.a.c.c.StandardService - [log,173] - Starting service [Tomcat]
2020-01-29 11:39:30.429 [restartedMain] INFO  o.a.c.c.StandardEngine - [log,173] - Starting Servlet engine: [Apache Tomcat/9.0.29]
2020-01-29 11:39:30.503 [restartedMain] INFO  o.a.c.c.C.[.[.[/] - [log,173] - Initializing Spring embedded WebApplicationContext
2020-01-29 11:39:30.503 [restartedMain] INFO  o.s.w.c.ContextLoader - [prepareWebApplicationContext,284] - Root WebApplicationContext: initialization completed in 1607 ms
2020-01-29 11:39:30.742 [restartedMain] INFO  o.h.j.i.u.LogHelper - [logPersistenceUnitInformation,31] - HHH000204: Processing PersistenceUnitInfo [name: default]
2020-01-29 11:39:30.796 [restartedMain] INFO  o.hibernate.Version - [logVersion,46] - HHH000412: Hibernate Core {5.4.9.Final}
2020-01-29 11:39:30.902 [restartedMain] INFO  o.h.a.common.Version - [<clinit>,49] - HCANN000001: Hibernate Commons Annotations {5.1.0.Final}
2020-01-29 11:39:30.979 [restartedMain] INFO  c.z.h.HikariDataSource - [getConnection,110] - MyHikariCP - Starting...
2020-01-29 11:39:32.047 [restartedMain] INFO  c.z.h.HikariDataSource - [getConnection,123] - MyHikariCP - Start completed.
2020-01-29 11:39:32.086 [restartedMain] INFO  o.h.dialect.Dialect - [<init>,172] - HHH000400: Using dialect: org.hibernate.dialect.MySQL8Dialect
2020-01-29 11:39:33.090 [restartedMain] INFO  o.h.e.t.j.p.i.JtaPlatformInitiator - [initiateService,52] - HHH000490: Using JtaPlatform implementation: [org.hibernate.engine.transaction.jta.platform.internal.NoJtaPlatform]
2020-01-29 11:39:33.108 [restartedMain] INFO  o.s.o.j.LocalContainerEntityManagerFactoryBean - [buildNativeEntityManagerFactory,416] - Initialized JPA EntityManagerFactory for persistence unit 'default'
2020-01-29 11:39:33.179 [restartedMain] INFO  o.s.b.d.a.OptionalLiveReloadServer - [startServer,58] - LiveReload server is running on port 35729
2020-01-29 11:39:33.950 [restartedMain] INFO  s.d.s.w.PropertySourcedRequestMappingHandlerMapping - [initHandlerMethods,69] - Mapped URL path [/v2/api-docs] onto method [springfox.documentation.swagger2.web.Swagger2Controller#getDocumentation(String, HttpServletRequest)]
2020-01-29 11:39:34.128 [restartedMain] INFO  o.s.s.c.ThreadPoolTaskExecutor - [initialize,171] - Initializing ExecutorService 'applicationTaskExecutor'
2020-01-29 11:39:34.368 [restartedMain] INFO  s.d.s.w.p.DocumentationPluginsBootstrapper - [start,151] - Context refreshed
2020-01-29 11:39:34.388 [restartedMain] INFO  s.d.s.w.p.DocumentationPluginsBootstrapper - [start,154] - Found 1 custom documentation plugin(s)
2020-01-29 11:39:34.408 [restartedMain] INFO  s.d.s.w.s.ApiListingReferenceScanner - [scan,41] - Scanning for api listing references
2020-01-29 11:39:34.879 [restartedMain] INFO  o.a.c.h.Http11NioProtocol - [log,173] - Starting ProtocolHandler ["http-nio-8080"]
2020-01-29 11:39:34.899 [restartedMain] INFO  o.s.b.w.e.t.TomcatWebServer - [start,204] - Tomcat started on port(s): 8080 (http) with context path ''
2020-01-29 11:39:34.903 [restartedMain] INFO  c.r.c.ClientApplication - [logStarted,61] - Started ClientApplication in 7.189 seconds (JVM running for 8.097)
2020-01-29 11:39:39.928 [http-nio-8080-exec-2] INFO  o.a.c.c.C.[.[.[/] - [log,173] - Initializing Spring DispatcherServlet 'dispatcherServlet'
2020-01-29 11:39:39.928 [http-nio-8080-exec-2] INFO  o.s.w.s.DispatcherServlet - [initServletBean,525] - Initializing Servlet 'dispatcherServlet'
2020-01-29 11:39:39.936 [http-nio-8080-exec-2] INFO  o.s.w.s.DispatcherServlet - [initServletBean,547] - Completed initialization in 8 ms
2020-01-29 11:39:40.020 [http-nio-8080-exec-2] INFO  c.r.c.e.ExceptionHandlerAdvice - [handleException,28] - 错误信息1-1 Validation failed for argument [0] in public java.lang.Object com.rbgt.client.controller.UserController.saveUser(com.rbgt.client.entity.School): [Field error in object 'school' on field 'comment': rejected value [null]; codes [NotNull.school.comment,NotNull.comment,NotNull.java.lang.String,NotNull]; arguments [org.springframework.context.support.DefaultMessageSourceResolvable: codes [school.comment,comment]; arguments []; default message [comment]]; default message [备注不为空]] 
2020-01-29 11:39:40.021 [http-nio-8080-exec-2] INFO  c.r.c.e.ExceptionHandlerAdvice - [handleException,29] - 错误信息1-2 ResponseResult(code=50000, msg=服务器异常, data=null)
2020-01-29 11:40:27.240 [restartedMain] INFO  c.r.c.ClientApplication - [logStarting,55] - Starting ClientApplication on PC-201911242152 with PID 9564 (G:\IDEAPRECT\GIT\client\target\classes started by Administrator in G:\IDEAPRECT\GIT\client)
2020-01-29 11:40:27.244 [restartedMain] INFO  c.r.c.ClientApplication - [logStartupProfileInfo,651] - No active profile set, falling back to default profiles: default
2020-01-29 11:40:27.305 [restartedMain] INFO  o.s.b.d.r.ChangeableUrls - [logTo,225] - The Class-Path manifest attribute in D:\WorkSoftware\maven\maven3.6.2\repository\org\glassfish\jaxb\jaxb-runtime\2.3.2\jaxb-runtime-2.3.2.jar referenced one or more files that do not exist: file:/D:/WorkSoftware/maven/maven3.6.2/repository/org/glassfish/jaxb/jaxb-runtime/2.3.2/jakarta.xml.bind-api-2.3.2.jar,file:/D:/WorkSoftware/maven/maven3.6.2/repository/org/glassfish/jaxb/jaxb-runtime/2.3.2/txw2-2.3.2.jar,file:/D:/WorkSoftware/maven/maven3.6.2/repository/org/glassfish/jaxb/jaxb-runtime/2.3.2/istack-commons-runtime-3.0.8.jar,file:/D:/WorkSoftware/maven/maven3.6.2/repository/org/glassfish/jaxb/jaxb-runtime/2.3.2/stax-ex-1.8.1.jar,file:/D:/WorkSoftware/maven/maven3.6.2/repository/org/glassfish/jaxb/jaxb-runtime/2.3.2/FastInfoset-1.2.16.jar,file:/D:/WorkSoftware/maven/maven3.6.2/repository/org/glassfish/jaxb/jaxb-runtime/2.3.2/jakarta.activation-api-1.2.1.jar
2020-01-29 11:40:27.306 [restartedMain] INFO  o.s.b.d.e.DevToolsPropertyDefaultsPostProcessor - [logTo,225] - Devtools property defaults active! Set 'spring.devtools.add-properties' to 'false' to disable
2020-01-29 11:40:27.306 [restartedMain] INFO  o.s.b.d.e.DevToolsPropertyDefaultsPostProcessor - [logTo,225] - For additional web related logging consider setting the 'logging.level.web' property to 'DEBUG'
2020-01-29 11:40:28.134 [restartedMain] INFO  o.s.d.r.c.RepositoryConfigurationDelegate - [registerRepositoriesIn,127] - Bootstrapping Spring Data JPA repositories in DEFAULT mode.
2020-01-29 11:40:28.190 [restartedMain] INFO  o.s.d.r.c.RepositoryConfigurationDelegate - [registerRepositoriesIn,187] - Finished Spring Data repository scanning in 46ms. Found 1 JPA repository interfaces.
2020-01-29 11:40:28.475 [restartedMain] INFO  o.s.c.s.PostProcessorRegistrationDelegate$BeanPostProcessorChecker - [postProcessAfterInitialization,330] - Bean 'org.springframework.transaction.annotation.ProxyTransactionManagementConfiguration' of type [org.springframework.transaction.annotation.ProxyTransactionManagementConfiguration] is not eligible for getting processed by all BeanPostProcessors (for example: not eligible for auto-proxying)
2020-01-29 11:40:28.906 [restartedMain] INFO  o.s.b.w.e.t.TomcatWebServer - [initialize,92] - Tomcat initialized with port(s): 8080 (http)
2020-01-29 11:40:28.915 [restartedMain] INFO  o.a.c.h.Http11NioProtocol - [log,173] - Initializing ProtocolHandler ["http-nio-8080"]
2020-01-29 11:40:28.916 [restartedMain] INFO  o.a.c.c.StandardService - [log,173] - Starting service [Tomcat]
2020-01-29 11:40:28.917 [restartedMain] INFO  o.a.c.c.StandardEngine - [log,173] - Starting Servlet engine: [Apache Tomcat/9.0.29]
2020-01-29 11:40:29.061 [restartedMain] INFO  o.a.c.c.C.[.[.[/] - [log,173] - Initializing Spring embedded WebApplicationContext
2020-01-29 11:40:29.062 [restartedMain] INFO  o.s.w.c.ContextLoader - [prepareWebApplicationContext,284] - Root WebApplicationContext: initialization completed in 1756 ms
2020-01-29 11:40:29.228 [restartedMain] INFO  o.h.j.i.u.LogHelper - [logPersistenceUnitInformation,31] - HHH000204: Processing PersistenceUnitInfo [name: default]
2020-01-29 11:40:29.278 [restartedMain] INFO  o.hibernate.Version - [logVersion,46] - HHH000412: Hibernate Core {5.4.9.Final}
2020-01-29 11:40:29.385 [restartedMain] INFO  o.h.a.common.Version - [<clinit>,49] - HCANN000001: Hibernate Commons Annotations {5.1.0.Final}
2020-01-29 11:40:29.460 [restartedMain] INFO  c.z.h.HikariDataSource - [getConnection,110] - MyHikariCP - Starting...
2020-01-29 11:40:30.494 [restartedMain] INFO  c.z.h.HikariDataSource - [getConnection,123] - MyHikariCP - Start completed.
2020-01-29 11:40:30.508 [restartedMain] INFO  o.h.dialect.Dialect - [<init>,172] - HHH000400: Using dialect: org.hibernate.dialect.MySQL8Dialect
2020-01-29 11:40:31.491 [restartedMain] INFO  o.h.e.t.j.p.i.JtaPlatformInitiator - [initiateService,52] - HHH000490: Using JtaPlatform implementation: [org.hibernate.engine.transaction.jta.platform.internal.NoJtaPlatform]
2020-01-29 11:40:31.502 [restartedMain] INFO  o.s.o.j.LocalContainerEntityManagerFactoryBean - [buildNativeEntityManagerFactory,416] - Initialized JPA EntityManagerFactory for persistence unit 'default'
2020-01-29 11:40:31.563 [restartedMain] INFO  o.s.b.d.a.OptionalLiveReloadServer - [startServer,58] - LiveReload server is running on port 35729
2020-01-29 11:40:32.301 [restartedMain] INFO  s.d.s.w.PropertySourcedRequestMappingHandlerMapping - [initHandlerMethods,69] - Mapped URL path [/v2/api-docs] onto method [springfox.documentation.swagger2.web.Swagger2Controller#getDocumentation(String, HttpServletRequest)]
2020-01-29 11:40:32.461 [restartedMain] INFO  o.s.s.c.ThreadPoolTaskExecutor - [initialize,171] - Initializing ExecutorService 'applicationTaskExecutor'
2020-01-29 11:40:32.885 [restartedMain] INFO  s.d.s.w.p.DocumentationPluginsBootstrapper - [start,151] - Context refreshed
2020-01-29 11:40:32.900 [restartedMain] INFO  s.d.s.w.p.DocumentationPluginsBootstrapper - [start,154] - Found 1 custom documentation plugin(s)
2020-01-29 11:40:32.922 [restartedMain] INFO  s.d.s.w.s.ApiListingReferenceScanner - [scan,41] - Scanning for api listing references
2020-01-29 11:40:33.081 [restartedMain] INFO  o.a.c.h.Http11NioProtocol - [log,173] - Starting ProtocolHandler ["http-nio-8080"]
2020-01-29 11:40:33.103 [restartedMain] INFO  o.s.b.w.e.t.TomcatWebServer - [start,204] - Tomcat started on port(s): 8080 (http) with context path ''
2020-01-29 11:40:33.105 [restartedMain] INFO  c.r.c.ClientApplication - [logStarted,61] - Started ClientApplication in 6.75 seconds (JVM running for 7.584)
2020-01-29 11:40:38.904 [http-nio-8080-exec-2] INFO  o.a.c.c.C.[.[.[/] - [log,173] - Initializing Spring DispatcherServlet 'dispatcherServlet'
2020-01-29 11:40:38.905 [http-nio-8080-exec-2] INFO  o.s.w.s.DispatcherServlet - [initServletBean,525] - Initializing Servlet 'dispatcherServlet'
2020-01-29 11:40:38.912 [http-nio-8080-exec-2] INFO  o.s.w.s.DispatcherServlet - [initServletBean,547] - Completed initialization in 7 ms
2020-01-29 11:40:38.996 [http-nio-8080-exec-2] INFO  c.r.c.e.ExceptionHandlerAdvice - [handleException,28] - 错误信息1-1 Validation failed for argument [0] in public java.lang.Object com.rbgt.client.controller.UserController.saveUser(com.rbgt.client.entity.School): [Field error in object 'school' on field 'comment': rejected value [null]; codes [NotNull.school.comment,NotNull.comment,NotNull.java.lang.String,NotNull]; arguments [org.springframework.context.support.DefaultMessageSourceResolvable: codes [school.comment,comment]; arguments []; default message [comment]]; default message [备注不为空]] 
2020-01-29 11:40:38.996 [http-nio-8080-exec-2] INFO  c.r.c.e.ExceptionHandlerAdvice - [handleException,29] - 错误信息1-2 ResponseResult(code=50000, msg=服务器异常, data=Validation failed for argument [0] in public java.lang.Object com.rbgt.client.controller.UserController.saveUser(com.rbgt.client.entity.School): [Field error in object 'school' on field 'comment': rejected value [null]; codes [NotNull.school.comment,NotNull.comment,NotNull.java.lang.String,NotNull]; arguments [org.springframework.context.support.DefaultMessageSourceResolvable: codes [school.comment,comment]; arguments []; default message [comment]]; default message [备注不为空]] )
2020-01-29 11:41:28.774 [restartedMain] INFO  c.r.c.ClientApplication - [logStarting,55] - Starting ClientApplication on PC-201911242152 with PID 9016 (G:\IDEAPRECT\GIT\client\target\classes started by Administrator in G:\IDEAPRECT\GIT\client)
2020-01-29 11:41:28.782 [restartedMain] INFO  c.r.c.ClientApplication - [logStartupProfileInfo,651] - No active profile set, falling back to default profiles: default
2020-01-29 11:41:28.846 [restartedMain] INFO  o.s.b.d.r.ChangeableUrls - [logTo,225] - The Class-Path manifest attribute in D:\WorkSoftware\maven\maven3.6.2\repository\org\glassfish\jaxb\jaxb-runtime\2.3.2\jaxb-runtime-2.3.2.jar referenced one or more files that do not exist: file:/D:/WorkSoftware/maven/maven3.6.2/repository/org/glassfish/jaxb/jaxb-runtime/2.3.2/jakarta.xml.bind-api-2.3.2.jar,file:/D:/WorkSoftware/maven/maven3.6.2/repository/org/glassfish/jaxb/jaxb-runtime/2.3.2/txw2-2.3.2.jar,file:/D:/WorkSoftware/maven/maven3.6.2/repository/org/glassfish/jaxb/jaxb-runtime/2.3.2/istack-commons-runtime-3.0.8.jar,file:/D:/WorkSoftware/maven/maven3.6.2/repository/org/glassfish/jaxb/jaxb-runtime/2.3.2/stax-ex-1.8.1.jar,file:/D:/WorkSoftware/maven/maven3.6.2/repository/org/glassfish/jaxb/jaxb-runtime/2.3.2/FastInfoset-1.2.16.jar,file:/D:/WorkSoftware/maven/maven3.6.2/repository/org/glassfish/jaxb/jaxb-runtime/2.3.2/jakarta.activation-api-1.2.1.jar
2020-01-29 11:41:28.846 [restartedMain] INFO  o.s.b.d.e.DevToolsPropertyDefaultsPostProcessor - [logTo,225] - Devtools property defaults active! Set 'spring.devtools.add-properties' to 'false' to disable
2020-01-29 11:41:28.847 [restartedMain] INFO  o.s.b.d.e.DevToolsPropertyDefaultsPostProcessor - [logTo,225] - For additional web related logging consider setting the 'logging.level.web' property to 'DEBUG'
2020-01-29 11:41:29.771 [restartedMain] INFO  o.s.d.r.c.RepositoryConfigurationDelegate - [registerRepositoriesIn,127] - Bootstrapping Spring Data JPA repositories in DEFAULT mode.
2020-01-29 11:41:29.850 [restartedMain] INFO  o.s.d.r.c.RepositoryConfigurationDelegate - [registerRepositoriesIn,187] - Finished Spring Data repository scanning in 61ms. Found 1 JPA repository interfaces.
2020-01-29 11:41:30.226 [restartedMain] INFO  o.s.c.s.PostProcessorRegistrationDelegate$BeanPostProcessorChecker - [postProcessAfterInitialization,330] - Bean 'org.springframework.transaction.annotation.ProxyTransactionManagementConfiguration' of type [org.springframework.transaction.annotation.ProxyTransactionManagementConfiguration] is not eligible for getting processed by all BeanPostProcessors (for example: not eligible for auto-proxying)
2020-01-29 11:41:30.709 [restartedMain] INFO  o.s.b.w.e.t.TomcatWebServer - [initialize,92] - Tomcat initialized with port(s): 8080 (http)
2020-01-29 11:41:30.718 [restartedMain] INFO  o.a.c.h.Http11NioProtocol - [log,173] - Initializing ProtocolHandler ["http-nio-8080"]
2020-01-29 11:41:30.719 [restartedMain] INFO  o.a.c.c.StandardService - [log,173] - Starting service [Tomcat]
2020-01-29 11:41:30.719 [restartedMain] INFO  o.a.c.c.StandardEngine - [log,173] - Starting Servlet engine: [Apache Tomcat/9.0.29]
2020-01-29 11:41:30.894 [restartedMain] INFO  o.a.c.c.C.[.[.[/] - [log,173] - Initializing Spring embedded WebApplicationContext
2020-01-29 11:41:30.894 [restartedMain] INFO  o.s.w.c.ContextLoader - [prepareWebApplicationContext,284] - Root WebApplicationContext: initialization completed in 2047 ms
2020-01-29 11:41:31.077 [restartedMain] INFO  o.h.j.i.u.LogHelper - [logPersistenceUnitInformation,31] - HHH000204: Processing PersistenceUnitInfo [name: default]
2020-01-29 11:41:31.131 [restartedMain] INFO  o.hibernate.Version - [logVersion,46] - HHH000412: Hibernate Core {5.4.9.Final}
2020-01-29 11:41:31.233 [restartedMain] INFO  o.h.a.common.Version - [<clinit>,49] - HCANN000001: Hibernate Commons Annotations {5.1.0.Final}
2020-01-29 11:41:31.310 [restartedMain] INFO  c.z.h.HikariDataSource - [getConnection,110] - MyHikariCP - Starting...
2020-01-29 11:41:32.271 [restartedMain] INFO  c.z.h.HikariDataSource - [getConnection,123] - MyHikariCP - Start completed.
2020-01-29 11:41:32.294 [restartedMain] INFO  o.h.dialect.Dialect - [<init>,172] - HHH000400: Using dialect: org.hibernate.dialect.MySQL8Dialect
2020-01-29 11:41:33.275 [restartedMain] INFO  o.h.e.t.j.p.i.JtaPlatformInitiator - [initiateService,52] - HHH000490: Using JtaPlatform implementation: [org.hibernate.engine.transaction.jta.platform.internal.NoJtaPlatform]
2020-01-29 11:41:33.282 [restartedMain] INFO  o.s.o.j.LocalContainerEntityManagerFactoryBean - [buildNativeEntityManagerFactory,416] - Initialized JPA EntityManagerFactory for persistence unit 'default'
2020-01-29 11:41:33.340 [restartedMain] INFO  o.s.b.d.a.OptionalLiveReloadServer - [startServer,58] - LiveReload server is running on port 35729
2020-01-29 11:41:34.175 [restartedMain] INFO  s.d.s.w.PropertySourcedRequestMappingHandlerMapping - [initHandlerMethods,69] - Mapped URL path [/v2/api-docs] onto method [springfox.documentation.swagger2.web.Swagger2Controller#getDocumentation(String, HttpServletRequest)]
2020-01-29 11:41:34.396 [restartedMain] INFO  o.s.s.c.ThreadPoolTaskExecutor - [initialize,171] - Initializing ExecutorService 'applicationTaskExecutor'
2020-01-29 11:41:34.882 [restartedMain] INFO  s.d.s.w.p.DocumentationPluginsBootstrapper - [start,151] - Context refreshed
2020-01-29 11:41:34.897 [restartedMain] INFO  s.d.s.w.p.DocumentationPluginsBootstrapper - [start,154] - Found 1 custom documentation plugin(s)
2020-01-29 11:41:34.918 [restartedMain] INFO  s.d.s.w.s.ApiListingReferenceScanner - [scan,41] - Scanning for api listing references
2020-01-29 11:41:35.087 [restartedMain] INFO  o.a.c.h.Http11NioProtocol - [log,173] - Starting ProtocolHandler ["http-nio-8080"]
2020-01-29 11:41:35.117 [restartedMain] INFO  o.s.b.w.e.t.TomcatWebServer - [start,204] - Tomcat started on port(s): 8080 (http) with context path ''
2020-01-29 11:41:35.120 [restartedMain] INFO  c.r.c.ClientApplication - [logStarted,61] - Started ClientApplication in 7.428 seconds (JVM running for 8.331)
2020-01-29 11:42:02.953 [restartedMain] INFO  c.r.c.ClientApplication - [logStarting,55] - Starting ClientApplication on PC-201911242152 with PID 7224 (G:\IDEAPRECT\GIT\client\target\classes started by Administrator in G:\IDEAPRECT\GIT\client)
2020-01-29 11:42:02.957 [restartedMain] INFO  c.r.c.ClientApplication - [logStartupProfileInfo,651] - No active profile set, falling back to default profiles: default
2020-01-29 11:42:03.029 [restartedMain] INFO  o.s.b.d.r.ChangeableUrls - [logTo,225] - The Class-Path manifest attribute in D:\WorkSoftware\maven\maven3.6.2\repository\org\glassfish\jaxb\jaxb-runtime\2.3.2\jaxb-runtime-2.3.2.jar referenced one or more files that do not exist: file:/D:/WorkSoftware/maven/maven3.6.2/repository/org/glassfish/jaxb/jaxb-runtime/2.3.2/jakarta.xml.bind-api-2.3.2.jar,file:/D:/WorkSoftware/maven/maven3.6.2/repository/org/glassfish/jaxb/jaxb-runtime/2.3.2/txw2-2.3.2.jar,file:/D:/WorkSoftware/maven/maven3.6.2/repository/org/glassfish/jaxb/jaxb-runtime/2.3.2/istack-commons-runtime-3.0.8.jar,file:/D:/WorkSoftware/maven/maven3.6.2/repository/org/glassfish/jaxb/jaxb-runtime/2.3.2/stax-ex-1.8.1.jar,file:/D:/WorkSoftware/maven/maven3.6.2/repository/org/glassfish/jaxb/jaxb-runtime/2.3.2/FastInfoset-1.2.16.jar,file:/D:/WorkSoftware/maven/maven3.6.2/repository/org/glassfish/jaxb/jaxb-runtime/2.3.2/jakarta.activation-api-1.2.1.jar
2020-01-29 11:42:03.029 [restartedMain] INFO  o.s.b.d.e.DevToolsPropertyDefaultsPostProcessor - [logTo,225] - Devtools property defaults active! Set 'spring.devtools.add-properties' to 'false' to disable
2020-01-29 11:42:03.030 [restartedMain] INFO  o.s.b.d.e.DevToolsPropertyDefaultsPostProcessor - [logTo,225] - For additional web related logging consider setting the 'logging.level.web' property to 'DEBUG'
2020-01-29 11:42:03.852 [restartedMain] INFO  o.s.d.r.c.RepositoryConfigurationDelegate - [registerRepositoriesIn,127] - Bootstrapping Spring Data JPA repositories in DEFAULT mode.
2020-01-29 11:42:03.909 [restartedMain] INFO  o.s.d.r.c.RepositoryConfigurationDelegate - [registerRepositoriesIn,187] - Finished Spring Data repository scanning in 49ms. Found 1 JPA repository interfaces.
2020-01-29 11:42:04.218 [restartedMain] INFO  o.s.c.s.PostProcessorRegistrationDelegate$BeanPostProcessorChecker - [postProcessAfterInitialization,330] - Bean 'org.springframework.transaction.annotation.ProxyTransactionManagementConfiguration' of type [org.springframework.transaction.annotation.ProxyTransactionManagementConfiguration] is not eligible for getting processed by all BeanPostProcessors (for example: not eligible for auto-proxying)
2020-01-29 11:42:04.652 [restartedMain] INFO  o.s.b.w.e.t.TomcatWebServer - [initialize,92] - Tomcat initialized with port(s): 8080 (http)
2020-01-29 11:42:04.661 [restartedMain] INFO  o.a.c.h.Http11NioProtocol - [log,173] - Initializing ProtocolHandler ["http-nio-8080"]
2020-01-29 11:42:04.662 [restartedMain] INFO  o.a.c.c.StandardService - [log,173] - Starting service [Tomcat]
2020-01-29 11:42:04.662 [restartedMain] INFO  o.a.c.c.StandardEngine - [log,173] - Starting Servlet engine: [Apache Tomcat/9.0.29]
2020-01-29 11:42:04.831 [restartedMain] INFO  o.a.c.c.C.[.[.[/] - [log,173] - Initializing Spring embedded WebApplicationContext
2020-01-29 11:42:04.832 [restartedMain] INFO  o.s.w.c.ContextLoader - [prepareWebApplicationContext,284] - Root WebApplicationContext: initialization completed in 1802 ms
2020-01-29 11:42:04.992 [restartedMain] INFO  o.h.j.i.u.LogHelper - [logPersistenceUnitInformation,31] - HHH000204: Processing PersistenceUnitInfo [name: default]
2020-01-29 11:42:05.049 [restartedMain] INFO  o.hibernate.Version - [logVersion,46] - HHH000412: Hibernate Core {5.4.9.Final}
2020-01-29 11:42:05.146 [restartedMain] INFO  o.h.a.common.Version - [<clinit>,49] - HCANN000001: Hibernate Commons Annotations {5.1.0.Final}
2020-01-29 11:42:05.225 [restartedMain] INFO  c.z.h.HikariDataSource - [getConnection,110] - MyHikariCP - Starting...
2020-01-29 11:42:06.238 [restartedMain] INFO  c.z.h.HikariDataSource - [getConnection,123] - MyHikariCP - Start completed.
2020-01-29 11:42:06.276 [restartedMain] INFO  o.h.dialect.Dialect - [<init>,172] - HHH000400: Using dialect: org.hibernate.dialect.MySQL8Dialect
2020-01-29 11:42:07.287 [restartedMain] INFO  o.h.e.t.j.p.i.JtaPlatformInitiator - [initiateService,52] - HHH000490: Using JtaPlatform implementation: [org.hibernate.engine.transaction.jta.platform.internal.NoJtaPlatform]
2020-01-29 11:42:07.294 [restartedMain] INFO  o.s.o.j.LocalContainerEntityManagerFactoryBean - [buildNativeEntityManagerFactory,416] - Initialized JPA EntityManagerFactory for persistence unit 'default'
2020-01-29 11:42:07.359 [restartedMain] INFO  o.s.b.d.a.OptionalLiveReloadServer - [startServer,58] - LiveReload server is running on port 35729
2020-01-29 11:42:08.122 [restartedMain] INFO  s.d.s.w.PropertySourcedRequestMappingHandlerMapping - [initHandlerMethods,69] - Mapped URL path [/v2/api-docs] onto method [springfox.documentation.swagger2.web.Swagger2Controller#getDocumentation(String, HttpServletRequest)]
2020-01-29 11:42:08.298 [restartedMain] INFO  o.s.s.c.ThreadPoolTaskExecutor - [initialize,171] - Initializing ExecutorService 'applicationTaskExecutor'
2020-01-29 11:42:08.753 [restartedMain] INFO  s.d.s.w.p.DocumentationPluginsBootstrapper - [start,151] - Context refreshed
2020-01-29 11:42:08.769 [restartedMain] INFO  s.d.s.w.p.DocumentationPluginsBootstrapper - [start,154] - Found 1 custom documentation plugin(s)
2020-01-29 11:42:08.792 [restartedMain] INFO  s.d.s.w.s.ApiListingReferenceScanner - [scan,41] - Scanning for api listing references
2020-01-29 11:42:08.960 [restartedMain] INFO  o.a.c.h.Http11NioProtocol - [log,173] - Starting ProtocolHandler ["http-nio-8080"]
2020-01-29 11:42:08.988 [restartedMain] INFO  o.s.b.w.e.t.TomcatWebServer - [start,204] - Tomcat started on port(s): 8080 (http) with context path ''
2020-01-29 11:42:08.991 [restartedMain] INFO  c.r.c.ClientApplication - [logStarted,61] - Started ClientApplication in 6.847 seconds (JVM running for 7.691)
2020-01-29 11:42:15.020 [http-nio-8080-exec-1] INFO  o.a.c.c.C.[.[.[/] - [log,173] - Initializing Spring DispatcherServlet 'dispatcherServlet'
2020-01-29 11:42:15.020 [http-nio-8080-exec-1] INFO  o.s.w.s.DispatcherServlet - [initServletBean,525] - Initializing Servlet 'dispatcherServlet'
2020-01-29 11:42:15.029 [http-nio-8080-exec-1] INFO  o.s.w.s.DispatcherServlet - [initServletBean,547] - Completed initialization in 8 ms
2020-01-29 11:42:15.112 [http-nio-8080-exec-1] INFO  c.r.c.e.ExceptionHandlerAdvice - [handleException,28] - 错误信息1-1 Validation failed for argument [0] in public java.lang.Object com.rbgt.client.controller.UserController.saveUser(com.rbgt.client.entity.School): [Field error in object 'school' on field 'comment': rejected value [null]; codes [NotNull.school.comment,NotNull.comment,NotNull.java.lang.String,NotNull]; arguments [org.springframework.context.support.DefaultMessageSourceResolvable: codes [school.comment,comment]; arguments []; default message [comment]]; default message [备注不为空]] 
2020-01-29 11:42:15.113 [http-nio-8080-exec-1] INFO  c.r.c.e.ExceptionHandlerAdvice - [handleException,29] - 错误信息1-2 ResponseResult(code=50000, msg=服务器异常, data=Validation failed for argument [0] in public java.lang.Object com.rbgt.client.controller.UserController.saveUser(com.rbgt.client.entity.School): [Field error in object 'school' on field 'comment': rejected value [null]; codes [NotNull.school.comment,NotNull.comment,NotNull.java.lang.String,NotNull]; arguments [org.springframework.context.support.DefaultMessageSourceResolvable: codes [school.comment,comment]; arguments []; default message [comment]]; default message [备注不为空]] )
2020-01-29 11:44:00.864 [restartedMain] INFO  c.r.c.ClientApplication - [logStarting,55] - Starting ClientApplication on PC-201911242152 with PID 11180 (G:\IDEAPRECT\GIT\client\target\classes started by Administrator in G:\IDEAPRECT\GIT\client)
2020-01-29 11:44:00.869 [restartedMain] INFO  c.r.c.ClientApplication - [logStartupProfileInfo,651] - No active profile set, falling back to default profiles: default
2020-01-29 11:44:00.931 [restartedMain] INFO  o.s.b.d.r.ChangeableUrls - [logTo,225] - The Class-Path manifest attribute in D:\WorkSoftware\maven\maven3.6.2\repository\org\glassfish\jaxb\jaxb-runtime\2.3.2\jaxb-runtime-2.3.2.jar referenced one or more files that do not exist: file:/D:/WorkSoftware/maven/maven3.6.2/repository/org/glassfish/jaxb/jaxb-runtime/2.3.2/jakarta.xml.bind-api-2.3.2.jar,file:/D:/WorkSoftware/maven/maven3.6.2/repository/org/glassfish/jaxb/jaxb-runtime/2.3.2/txw2-2.3.2.jar,file:/D:/WorkSoftware/maven/maven3.6.2/repository/org/glassfish/jaxb/jaxb-runtime/2.3.2/istack-commons-runtime-3.0.8.jar,file:/D:/WorkSoftware/maven/maven3.6.2/repository/org/glassfish/jaxb/jaxb-runtime/2.3.2/stax-ex-1.8.1.jar,file:/D:/WorkSoftware/maven/maven3.6.2/repository/org/glassfish/jaxb/jaxb-runtime/2.3.2/FastInfoset-1.2.16.jar,file:/D:/WorkSoftware/maven/maven3.6.2/repository/org/glassfish/jaxb/jaxb-runtime/2.3.2/jakarta.activation-api-1.2.1.jar
2020-01-29 11:44:00.932 [restartedMain] INFO  o.s.b.d.e.DevToolsPropertyDefaultsPostProcessor - [logTo,225] - Devtools property defaults active! Set 'spring.devtools.add-properties' to 'false' to disable
2020-01-29 11:44:00.932 [restartedMain] INFO  o.s.b.d.e.DevToolsPropertyDefaultsPostProcessor - [logTo,225] - For additional web related logging consider setting the 'logging.level.web' property to 'DEBUG'
2020-01-29 11:44:01.749 [restartedMain] INFO  o.s.d.r.c.RepositoryConfigurationDelegate - [registerRepositoriesIn,127] - Bootstrapping Spring Data JPA repositories in DEFAULT mode.
2020-01-29 11:44:01.804 [restartedMain] INFO  o.s.d.r.c.RepositoryConfigurationDelegate - [registerRepositoriesIn,187] - Finished Spring Data repository scanning in 46ms. Found 1 JPA repository interfaces.
2020-01-29 11:44:02.145 [restartedMain] INFO  o.s.c.s.PostProcessorRegistrationDelegate$BeanPostProcessorChecker - [postProcessAfterInitialization,330] - Bean 'org.springframework.transaction.annotation.ProxyTransactionManagementConfiguration' of type [org.springframework.transaction.annotation.ProxyTransactionManagementConfiguration] is not eligible for getting processed by all BeanPostProcessors (for example: not eligible for auto-proxying)
2020-01-29 11:44:02.609 [restartedMain] INFO  o.s.b.w.e.t.TomcatWebServer - [initialize,92] - Tomcat initialized with port(s): 8080 (http)
2020-01-29 11:44:02.631 [restartedMain] INFO  o.a.c.h.Http11NioProtocol - [log,173] - Initializing ProtocolHandler ["http-nio-8080"]
2020-01-29 11:44:02.632 [restartedMain] INFO  o.a.c.c.StandardService - [log,173] - Starting service [Tomcat]
2020-01-29 11:44:02.633 [restartedMain] INFO  o.a.c.c.StandardEngine - [log,173] - Starting Servlet engine: [Apache Tomcat/9.0.29]
2020-01-29 11:44:02.808 [restartedMain] INFO  o.a.c.c.C.[.[.[/] - [log,173] - Initializing Spring embedded WebApplicationContext
2020-01-29 11:44:02.808 [restartedMain] INFO  o.s.w.c.ContextLoader - [prepareWebApplicationContext,284] - Root WebApplicationContext: initialization completed in 1876 ms
2020-01-29 11:44:02.977 [restartedMain] INFO  o.h.j.i.u.LogHelper - [logPersistenceUnitInformation,31] - HHH000204: Processing PersistenceUnitInfo [name: default]
2020-01-29 11:44:03.029 [restartedMain] INFO  o.hibernate.Version - [logVersion,46] - HHH000412: Hibernate Core {5.4.9.Final}
2020-01-29 11:44:03.126 [restartedMain] INFO  o.h.a.common.Version - [<clinit>,49] - HCANN000001: Hibernate Commons Annotations {5.1.0.Final}
2020-01-29 11:44:03.202 [restartedMain] INFO  c.z.h.HikariDataSource - [getConnection,110] - MyHikariCP - Starting...
2020-01-29 11:44:04.190 [restartedMain] INFO  c.z.h.HikariDataSource - [getConnection,123] - MyHikariCP - Start completed.
2020-01-29 11:44:04.226 [restartedMain] INFO  o.h.dialect.Dialect - [<init>,172] - HHH000400: Using dialect: org.hibernate.dialect.MySQL8Dialect
2020-01-29 11:44:05.222 [restartedMain] INFO  o.h.e.t.j.p.i.JtaPlatformInitiator - [initiateService,52] - HHH000490: Using JtaPlatform implementation: [org.hibernate.engine.transaction.jta.platform.internal.NoJtaPlatform]
2020-01-29 11:44:05.244 [restartedMain] INFO  o.s.o.j.LocalContainerEntityManagerFactoryBean - [buildNativeEntityManagerFactory,416] - Initialized JPA EntityManagerFactory for persistence unit 'default'
2020-01-29 11:44:05.310 [restartedMain] INFO  o.s.b.d.a.OptionalLiveReloadServer - [startServer,58] - LiveReload server is running on port 35729
2020-01-29 11:44:06.049 [restartedMain] INFO  s.d.s.w.PropertySourcedRequestMappingHandlerMapping - [initHandlerMethods,69] - Mapped URL path [/v2/api-docs] onto method [springfox.documentation.swagger2.web.Swagger2Controller#getDocumentation(String, HttpServletRequest)]
2020-01-29 11:44:06.241 [restartedMain] INFO  o.s.s.c.ThreadPoolTaskExecutor - [initialize,171] - Initializing ExecutorService 'applicationTaskExecutor'
2020-01-29 11:44:06.798 [restartedMain] INFO  s.d.s.w.p.DocumentationPluginsBootstrapper - [start,151] - Context refreshed
2020-01-29 11:44:06.814 [restartedMain] INFO  s.d.s.w.p.DocumentationPluginsBootstrapper - [start,154] - Found 1 custom documentation plugin(s)
2020-01-29 11:44:06.838 [restartedMain] INFO  s.d.s.w.s.ApiListingReferenceScanner - [scan,41] - Scanning for api listing references
2020-01-29 11:44:07.013 [restartedMain] INFO  o.a.c.h.Http11NioProtocol - [log,173] - Starting ProtocolHandler ["http-nio-8080"]
2020-01-29 11:44:07.033 [restartedMain] INFO  o.s.b.w.e.t.TomcatWebServer - [start,204] - Tomcat started on port(s): 8080 (http) with context path ''
2020-01-29 11:44:07.035 [restartedMain] INFO  c.r.c.ClientApplication - [logStarted,61] - Started ClientApplication in 7.047 seconds (JVM running for 7.909)
2020-01-29 11:44:11.262 [http-nio-8080-exec-1] INFO  o.a.c.c.C.[.[.[/] - [log,173] - Initializing Spring DispatcherServlet 'dispatcherServlet'
2020-01-29 11:44:11.262 [http-nio-8080-exec-1] INFO  o.s.w.s.DispatcherServlet - [initServletBean,525] - Initializing Servlet 'dispatcherServlet'
2020-01-29 11:44:11.271 [http-nio-8080-exec-1] INFO  o.s.w.s.DispatcherServlet - [initServletBean,547] - Completed initialization in 8 ms
2020-01-29 11:44:11.354 [http-nio-8080-exec-1] INFO  c.r.c.e.ExceptionHandlerAdvice - [handleException,28] - 错误信息1-1 Validation failed for argument [0] in public java.lang.Object com.rbgt.client.controller.UserController.saveUser(com.rbgt.client.entity.School): [Field error in object 'school' on field 'comment': rejected value [null]; codes [NotNull.school.comment,NotNull.comment,NotNull.java.lang.String,NotNull]; arguments [org.springframework.context.support.DefaultMessageSourceResolvable: codes [school.comment,comment]; arguments []; default message [comment]]; default message [comment is not null]] 
2020-01-29 11:44:11.355 [http-nio-8080-exec-1] INFO  c.r.c.e.ExceptionHandlerAdvice - [handleException,29] - 错误信息1-2 ResponseResult(code=50000, msg=服务器异常, data=Validation failed for argument [0] in public java.lang.Object com.rbgt.client.controller.UserController.saveUser(com.rbgt.client.entity.School): [Field error in object 'school' on field 'comment': rejected value [null]; codes [NotNull.school.comment,NotNull.comment,NotNull.java.lang.String,NotNull]; arguments [org.springframework.context.support.DefaultMessageSourceResolvable: codes [school.comment,comment]; arguments []; default message [comment]]; default message [comment is not null]] )
2020-01-29 13:18:59.402 [restartedMain] INFO  c.r.c.ClientApplication - [logStarting,55] - Starting ClientApplication on PC-201911242152 with PID 10364 (G:\IDEAPRECT\GIT\client\target\classes started by Administrator in G:\IDEAPRECT\GIT\client)
2020-01-29 13:18:59.404 [restartedMain] INFO  c.r.c.ClientApplication - [logStartupProfileInfo,651] - No active profile set, falling back to default profiles: default
2020-01-29 13:18:59.467 [restartedMain] INFO  o.s.b.d.r.ChangeableUrls - [logTo,225] - The Class-Path manifest attribute in D:\WorkSoftware\maven\maven3.6.2\repository\org\glassfish\jaxb\jaxb-runtime\2.3.2\jaxb-runtime-2.3.2.jar referenced one or more files that do not exist: file:/D:/WorkSoftware/maven/maven3.6.2/repository/org/glassfish/jaxb/jaxb-runtime/2.3.2/jakarta.xml.bind-api-2.3.2.jar,file:/D:/WorkSoftware/maven/maven3.6.2/repository/org/glassfish/jaxb/jaxb-runtime/2.3.2/txw2-2.3.2.jar,file:/D:/WorkSoftware/maven/maven3.6.2/repository/org/glassfish/jaxb/jaxb-runtime/2.3.2/istack-commons-runtime-3.0.8.jar,file:/D:/WorkSoftware/maven/maven3.6.2/repository/org/glassfish/jaxb/jaxb-runtime/2.3.2/stax-ex-1.8.1.jar,file:/D:/WorkSoftware/maven/maven3.6.2/repository/org/glassfish/jaxb/jaxb-runtime/2.3.2/FastInfoset-1.2.16.jar,file:/D:/WorkSoftware/maven/maven3.6.2/repository/org/glassfish/jaxb/jaxb-runtime/2.3.2/jakarta.activation-api-1.2.1.jar
2020-01-29 13:18:59.468 [restartedMain] INFO  o.s.b.d.e.DevToolsPropertyDefaultsPostProcessor - [logTo,225] - Devtools property defaults active! Set 'spring.devtools.add-properties' to 'false' to disable
2020-01-29 13:18:59.468 [restartedMain] INFO  o.s.b.d.e.DevToolsPropertyDefaultsPostProcessor - [logTo,225] - For additional web related logging consider setting the 'logging.level.web' property to 'DEBUG'
2020-01-29 13:19:00.450 [restartedMain] INFO  o.s.d.r.c.RepositoryConfigurationDelegate - [registerRepositoriesIn,127] - Bootstrapping Spring Data JPA repositories in DEFAULT mode.
2020-01-29 13:19:00.522 [restartedMain] INFO  o.s.d.r.c.RepositoryConfigurationDelegate - [registerRepositoriesIn,187] - Finished Spring Data repository scanning in 62ms. Found 1 JPA repository interfaces.
2020-01-29 13:19:00.809 [restartedMain] INFO  o.s.c.s.PostProcessorRegistrationDelegate$BeanPostProcessorChecker - [postProcessAfterInitialization,330] - Bean 'org.springframework.transaction.annotation.ProxyTransactionManagementConfiguration' of type [org.springframework.transaction.annotation.ProxyTransactionManagementConfiguration] is not eligible for getting processed by all BeanPostProcessors (for example: not eligible for auto-proxying)
2020-01-29 13:19:01.259 [restartedMain] INFO  o.s.b.w.e.t.TomcatWebServer - [initialize,92] - Tomcat initialized with port(s): 8080 (http)
2020-01-29 13:19:01.272 [restartedMain] INFO  o.a.c.h.Http11NioProtocol - [log,173] - Initializing ProtocolHandler ["http-nio-8080"]
2020-01-29 13:19:01.273 [restartedMain] INFO  o.a.c.c.StandardService - [log,173] - Starting service [Tomcat]
2020-01-29 13:19:01.274 [restartedMain] INFO  o.a.c.c.StandardEngine - [log,173] - Starting Servlet engine: [Apache Tomcat/9.0.29]
2020-01-29 13:19:01.432 [restartedMain] INFO  o.a.c.c.C.[.[.[/] - [log,173] - Initializing Spring embedded WebApplicationContext
2020-01-29 13:19:01.432 [restartedMain] INFO  o.s.w.c.ContextLoader - [prepareWebApplicationContext,284] - Root WebApplicationContext: initialization completed in 1963 ms
2020-01-29 13:19:01.609 [restartedMain] INFO  o.h.j.i.u.LogHelper - [logPersistenceUnitInformation,31] - HHH000204: Processing PersistenceUnitInfo [name: default]
2020-01-29 13:19:01.661 [restartedMain] INFO  o.hibernate.Version - [logVersion,46] - HHH000412: Hibernate Core {5.4.9.Final}
2020-01-29 13:19:01.756 [restartedMain] INFO  o.h.a.common.Version - [<clinit>,49] - HCANN000001: Hibernate Commons Annotations {5.1.0.Final}
2020-01-29 13:19:01.836 [restartedMain] INFO  c.z.h.HikariDataSource - [getConnection,110] - MyHikariCP - Starting...
2020-01-29 13:19:02.848 [restartedMain] INFO  c.z.h.HikariDataSource - [getConnection,123] - MyHikariCP - Start completed.
2020-01-29 13:19:02.882 [restartedMain] INFO  o.h.dialect.Dialect - [<init>,172] - HHH000400: Using dialect: org.hibernate.dialect.MySQL8Dialect
2020-01-29 13:19:03.930 [restartedMain] INFO  o.h.e.t.j.p.i.JtaPlatformInitiator - [initiateService,52] - HHH000490: Using JtaPlatform implementation: [org.hibernate.engine.transaction.jta.platform.internal.NoJtaPlatform]
2020-01-29 13:19:03.948 [restartedMain] INFO  o.s.o.j.LocalContainerEntityManagerFactoryBean - [buildNativeEntityManagerFactory,416] - Initialized JPA EntityManagerFactory for persistence unit 'default'
2020-01-29 13:19:04.011 [restartedMain] INFO  o.s.b.d.a.OptionalLiveReloadServer - [startServer,58] - LiveReload server is running on port 35729
2020-01-29 13:19:04.714 [restartedMain] INFO  s.d.s.w.PropertySourcedRequestMappingHandlerMapping - [initHandlerMethods,69] - Mapped URL path [/v2/api-docs] onto method [springfox.documentation.swagger2.web.Swagger2Controller#getDocumentation(String, HttpServletRequest)]
2020-01-29 13:19:04.892 [restartedMain] INFO  o.s.s.c.ThreadPoolTaskExecutor - [initialize,171] - Initializing ExecutorService 'applicationTaskExecutor'
2020-01-29 13:19:05.352 [restartedMain] INFO  s.d.s.w.p.DocumentationPluginsBootstrapper - [start,151] - Context refreshed
2020-01-29 13:19:05.370 [restartedMain] INFO  s.d.s.w.p.DocumentationPluginsBootstrapper - [start,154] - Found 1 custom documentation plugin(s)
2020-01-29 13:19:05.396 [restartedMain] INFO  s.d.s.w.s.ApiListingReferenceScanner - [scan,41] - Scanning for api listing references
2020-01-29 13:19:05.569 [restartedMain] INFO  o.a.c.h.Http11NioProtocol - [log,173] - Starting ProtocolHandler ["http-nio-8080"]
2020-01-29 13:19:05.590 [restartedMain] INFO  o.s.b.w.e.t.TomcatWebServer - [start,204] - Tomcat started on port(s): 8080 (http) with context path ''
2020-01-29 13:19:05.593 [restartedMain] INFO  c.r.c.ClientApplication - [logStarted,61] - Started ClientApplication in 6.874 seconds (JVM running for 7.717)
2020-01-29 13:19:08.062 [http-nio-8080-exec-1] INFO  o.a.c.c.C.[.[.[/] - [log,173] - Initializing Spring DispatcherServlet 'dispatcherServlet'
2020-01-29 13:19:08.062 [http-nio-8080-exec-1] INFO  o.s.w.s.DispatcherServlet - [initServletBean,525] - Initializing Servlet 'dispatcherServlet'
2020-01-29 13:19:08.071 [http-nio-8080-exec-1] INFO  o.s.w.s.DispatcherServlet - [initServletBean,547] - Completed initialization in 8 ms
2020-01-29 13:19:08.155 [http-nio-8080-exec-1] INFO  c.r.c.e.ExceptionHandlerAdvice - [handleException,28] - 错误信息1-1 Validation failed for argument [0] in public java.lang.Object com.rbgt.client.controller.UserController.saveUser(com.rbgt.client.entity.School): [Field error in object 'school' on field 'comment': rejected value [null]; codes [NotNull.school.comment,NotNull.comment,NotNull.java.lang.String,NotNull]; arguments [org.springframework.context.support.DefaultMessageSourceResolvable: codes [school.comment,comment]; arguments []; default message [comment]]; default message [comment is not null]] 
2020-01-29 13:19:08.156 [http-nio-8080-exec-1] INFO  c.r.c.e.ExceptionHandlerAdvice - [handleException,29] - 错误信息1-2 ResponseResult(code=50000, msg=服务器异常, data=Validation failed for argument [0] in public java.lang.Object com.rbgt.client.controller.UserController.saveUser(com.rbgt.client.entity.School): [Field error in object 'school' on field 'comment': rejected value [null]; codes [NotNull.school.comment,NotNull.comment,NotNull.java.lang.String,NotNull]; arguments [org.springframework.context.support.DefaultMessageSourceResolvable: codes [school.comment,comment]; arguments []; default message [comment]]; default message [comment is not null]] )
