2020-02-28 10:03:25.622 [restartedMain] INFO  c.r.c.ClientApplication - [logStarting,50] - Starting ClientApplication on PC-201911242152 with PID 9288 (G:\IDEAPRECT\GIT\client\target\classes started by Administrator in G:\IDEAPRECT\GIT\client)
2020-02-28 10:03:25.628 [restartedMain] INFO  c.r.c.ClientApplication - [logStartupProfileInfo,675] - No active profile set, falling back to default profiles: default
2020-02-28 10:03:25.681 [restartedMain] INFO  o.s.b.d.e.DevToolsPropertyDefaultsPostProcessor - [logTo,227] - Devtools property defaults active! Set 'spring.devtools.add-properties' to 'false' to disable
2020-02-28 10:03:25.681 [restartedMain] INFO  o.s.b.d.e.DevToolsPropertyDefaultsPostProcessor - [logTo,227] - For additional web related logging consider setting the 'logging.level.web' property to 'DEBUG'
2020-02-28 10:03:26.833 [restartedMain] INFO  o.s.d.r.c.RepositoryConfigurationDelegate - [registerRepositoriesIn,126] - Bootstrapping Spring Data repositories in DEFAULT mode.
2020-02-28 10:03:26.900 [restartedMain] INFO  o.s.d.r.c.RepositoryConfigurationDelegate - [registerRepositoriesIn,182] - Finished Spring Data repository scanning in 58ms. Found 1 repository interfaces.
2020-02-28 10:03:27.289 [restartedMain] INFO  o.s.c.s.PostProcessorRegistrationDelegate$BeanPostProcessorChecker - [postProcessAfterInitialization,330] - Bean 'org.springframework.transaction.annotation.ProxyTransactionManagementConfiguration' of type [org.springframework.transaction.annotation.ProxyTransactionManagementConfiguration$$EnhancerBySpringCGLIB$$75442128] is not eligible for getting processed by all BeanPostProcessors (for example: not eligible for auto-proxying)
2020-02-28 10:03:27.436 [restartedMain] INFO  o.s.c.s.PostProcessorRegistrationDelegate$BeanPostProcessorChecker - [postProcessAfterInitialization,330] - Bean 'org.springframework.security.config.annotation.configuration.ObjectPostProcessorConfiguration' of type [org.springframework.security.config.annotation.configuration.ObjectPostProcessorConfiguration$$EnhancerBySpringCGLIB$$df1e962] is not eligible for getting processed by all BeanPostProcessors (for example: not eligible for auto-proxying)
2020-02-28 10:03:27.445 [restartedMain] INFO  o.s.c.s.PostProcessorRegistrationDelegate$BeanPostProcessorChecker - [postProcessAfterInitialization,330] - Bean 'objectPostProcessor' of type [org.springframework.security.config.annotation.configuration.AutowireBeanFactoryObjectPostProcessor] is not eligible for getting processed by all BeanPostProcessors (for example: not eligible for auto-proxying)
2020-02-28 10:03:27.451 [restartedMain] INFO  o.s.c.s.PostProcessorRegistrationDelegate$BeanPostProcessorChecker - [postProcessAfterInitialization,330] - Bean 'org.springframework.security.access.expression.method.DefaultMethodSecurityExpressionHandler@31eb46d3' of type [org.springframework.security.access.expression.method.DefaultMethodSecurityExpressionHandler] is not eligible for getting processed by all BeanPostProcessors (for example: not eligible for auto-proxying)
2020-02-28 10:03:27.455 [restartedMain] INFO  o.s.c.s.PostProcessorRegistrationDelegate$BeanPostProcessorChecker - [postProcessAfterInitialization,330] - Bean 'org.springframework.security.config.annotation.method.configuration.GlobalMethodSecurityConfiguration' of type [org.springframework.security.config.annotation.method.configuration.GlobalMethodSecurityConfiguration$$EnhancerBySpringCGLIB$$32c68c14] is not eligible for getting processed by all BeanPostProcessors (for example: not eligible for auto-proxying)
2020-02-28 10:03:27.465 [restartedMain] INFO  o.s.c.s.PostProcessorRegistrationDelegate$BeanPostProcessorChecker - [postProcessAfterInitialization,330] - Bean 'methodSecurityMetadataSource' of type [org.springframework.security.access.method.DelegatingMethodSecurityMetadataSource] is not eligible for getting processed by all BeanPostProcessors (for example: not eligible for auto-proxying)
2020-02-28 10:03:28.082 [restartedMain] INFO  o.s.b.w.e.t.TomcatWebServer - [initialize,90] - Tomcat initialized with port(s): 8080 (http)
2020-02-28 10:03:28.097 [restartedMain] INFO  o.a.c.h.Http11NioProtocol - [log,173] - Initializing ProtocolHandler ["http-nio-8080"]
2020-02-28 10:03:28.106 [restartedMain] INFO  o.a.c.c.StandardService - [log,173] - Starting service [Tomcat]
2020-02-28 10:03:28.107 [restartedMain] INFO  o.a.c.c.StandardEngine - [log,173] - Starting Servlet Engine: Apache Tomcat/9.0.13
2020-02-28 10:03:28.115 [restartedMain] INFO  o.a.c.c.AprLifecycleListener - [log,173] - The APR based Apache Tomcat Native library which allows optimal performance in production environments was not found on the java.library.path: [C:\Program Files\Java\jdk1.8.0_201\bin;C:\Windows\Sun\Java\bin;C:\Windows\system32;C:\Windows;C:\Program Files (x86)\Common Files\Oracle\Java\javapath;C:\Windows\system32;C:\Windows;C:\Windows\System32\Wbem;C:\Windows\System32\WindowsPowerShell\v1.0\;C:\Program Files\Java\jdk1.8.0_201\bin;C:\Program Files\Java\jdk1.8.0_201\jre\bin;D:\WorkSoftware\maven\maven3.6.2\bin;D:\WorkSoftware\nodejs\;D:\WorkSoftware\Git\cmd;D:\WorkSoftware\VSCode\bin;C:\Users\Administrator\AppData\Roaming\npm;.]
2020-02-28 10:03:28.220 [restartedMain] INFO  o.a.c.c.C.[.[.[/] - [log,173] - Initializing Spring embedded WebApplicationContext
2020-02-28 10:03:28.220 [restartedMain] INFO  o.s.w.c.ContextLoader - [prepareWebApplicationContext,296] - Root WebApplicationContext: initialization completed in 2538 ms
2020-02-28 10:03:28.472 [restartedMain] INFO  c.z.h.HikariDataSource - [getConnection,110] - MyHikariCP - Starting...
2020-02-28 10:03:29.615 [restartedMain] INFO  c.z.h.HikariDataSource - [getConnection,123] - MyHikariCP - Start completed.
2020-02-28 10:03:29.693 [restartedMain] INFO  o.h.j.i.u.LogHelper - [logPersistenceUnitInformation,31] - HHH000204: Processing PersistenceUnitInfo [
	name: default
	...]
2020-02-28 10:03:29.772 [restartedMain] INFO  o.hibernate.Version - [logVersion,46] - HHH000412: Hibernate Core {5.3.7.Final}
2020-02-28 10:03:29.774 [restartedMain] INFO  o.h.cfg.Environment - [<clinit>,213] - HHH000206: hibernate.properties not found
2020-02-28 10:03:29.945 [restartedMain] INFO  o.h.a.common.Version - [<clinit>,49] - HCANN000001: Hibernate Commons Annotations {5.0.4.Final}
2020-02-28 10:03:30.088 [restartedMain] INFO  o.h.dialect.Dialect - [<init>,157] - HHH000400: Using dialect: org.hibernate.dialect.MySQL5Dialect
2020-02-28 10:03:31.394 [restartedMain] INFO  o.s.o.j.LocalContainerEntityManagerFactoryBean - [buildNativeEntityManagerFactory,415] - Initialized JPA EntityManagerFactory for persistence unit 'default'
2020-02-28 10:03:31.485 [restartedMain] INFO  o.s.b.d.a.OptionalLiveReloadServer - [startServer,57] - LiveReload server is running on port 35729
2020-02-28 10:03:32.078 [restartedMain] INFO  o.h.h.i.QueryTranslatorFactoryInitiator - [initiateService,47] - HHH000397: Using ASTQueryTranslatorFactory
2020-02-28 10:03:32.126 [restartedMain] INFO  o.s.o.j.LocalContainerEntityManagerFactoryBean - [destroy,597] - Closing JPA EntityManagerFactory for persistence unit 'default'
2020-02-28 10:03:32.129 [restartedMain] INFO  c.z.h.HikariDataSource - [close,350] - MyHikariCP - Shutdown initiated...
2020-02-28 10:03:32.135 [restartedMain] INFO  c.z.h.HikariDataSource - [close,352] - MyHikariCP - Shutdown completed.
2020-02-28 10:03:32.137 [restartedMain] INFO  o.a.c.c.StandardService - [log,173] - Stopping service [Tomcat]
2020-02-28 10:03:32.150 [restartedMain] INFO  o.s.b.a.l.ConditionEvaluationReportLoggingListener - [logMessage,142] - 

Error starting ApplicationContext. To display the conditions report re-run your application with 'debug' enabled.
2020-02-28 10:13:58.112 [restartedMain] INFO  c.r.c.ClientApplication - [logStarting,50] - Starting ClientApplication on PC-201911242152 with PID 4684 (G:\IDEAPRECT\GIT\client\target\classes started by Administrator in G:\IDEAPRECT\GIT\client)
2020-02-28 10:13:58.120 [restartedMain] INFO  c.r.c.ClientApplication - [logStartupProfileInfo,675] - No active profile set, falling back to default profiles: default
2020-02-28 10:13:58.289 [restartedMain] INFO  o.s.b.d.e.DevToolsPropertyDefaultsPostProcessor - [logTo,227] - Devtools property defaults active! Set 'spring.devtools.add-properties' to 'false' to disable
2020-02-28 10:13:58.290 [restartedMain] INFO  o.s.b.d.e.DevToolsPropertyDefaultsPostProcessor - [logTo,227] - For additional web related logging consider setting the 'logging.level.web' property to 'DEBUG'
2020-02-28 10:13:59.264 [restartedMain] INFO  o.s.d.r.c.RepositoryConfigurationDelegate - [registerRepositoriesIn,126] - Bootstrapping Spring Data repositories in DEFAULT mode.
2020-02-28 10:13:59.328 [restartedMain] INFO  o.s.d.r.c.RepositoryConfigurationDelegate - [registerRepositoriesIn,182] - Finished Spring Data repository scanning in 57ms. Found 1 repository interfaces.
2020-02-28 10:13:59.683 [restartedMain] INFO  o.s.c.s.PostProcessorRegistrationDelegate$BeanPostProcessorChecker - [postProcessAfterInitialization,330] - Bean 'org.springframework.transaction.annotation.ProxyTransactionManagementConfiguration' of type [org.springframework.transaction.annotation.ProxyTransactionManagementConfiguration$$EnhancerBySpringCGLIB$$40c8d8a7] is not eligible for getting processed by all BeanPostProcessors (for example: not eligible for auto-proxying)
2020-02-28 10:13:59.797 [restartedMain] INFO  o.s.c.s.PostProcessorRegistrationDelegate$BeanPostProcessorChecker - [postProcessAfterInitialization,330] - Bean 'org.springframework.security.config.annotation.configuration.ObjectPostProcessorConfiguration' of type [org.springframework.security.config.annotation.configuration.ObjectPostProcessorConfiguration$$EnhancerBySpringCGLIB$$d976a0e1] is not eligible for getting processed by all BeanPostProcessors (for example: not eligible for auto-proxying)
2020-02-28 10:13:59.808 [restartedMain] INFO  o.s.c.s.PostProcessorRegistrationDelegate$BeanPostProcessorChecker - [postProcessAfterInitialization,330] - Bean 'objectPostProcessor' of type [org.springframework.security.config.annotation.configuration.AutowireBeanFactoryObjectPostProcessor] is not eligible for getting processed by all BeanPostProcessors (for example: not eligible for auto-proxying)
2020-02-28 10:13:59.817 [restartedMain] INFO  o.s.c.s.PostProcessorRegistrationDelegate$BeanPostProcessorChecker - [postProcessAfterInitialization,330] - Bean 'org.springframework.security.access.expression.method.DefaultMethodSecurityExpressionHandler@634dd96d' of type [org.springframework.security.access.expression.method.DefaultMethodSecurityExpressionHandler] is not eligible for getting processed by all BeanPostProcessors (for example: not eligible for auto-proxying)
2020-02-28 10:13:59.820 [restartedMain] INFO  o.s.c.s.PostProcessorRegistrationDelegate$BeanPostProcessorChecker - [postProcessAfterInitialization,330] - Bean 'org.springframework.security.config.annotation.method.configuration.GlobalMethodSecurityConfiguration' of type [org.springframework.security.config.annotation.method.configuration.GlobalMethodSecurityConfiguration$$EnhancerBySpringCGLIB$$fe4b4393] is not eligible for getting processed by all BeanPostProcessors (for example: not eligible for auto-proxying)
2020-02-28 10:13:59.831 [restartedMain] INFO  o.s.c.s.PostProcessorRegistrationDelegate$BeanPostProcessorChecker - [postProcessAfterInitialization,330] - Bean 'methodSecurityMetadataSource' of type [org.springframework.security.access.method.DelegatingMethodSecurityMetadataSource] is not eligible for getting processed by all BeanPostProcessors (for example: not eligible for auto-proxying)
2020-02-28 10:14:00.412 [restartedMain] INFO  o.s.b.w.e.t.TomcatWebServer - [initialize,90] - Tomcat initialized with port(s): 8080 (http)
2020-02-28 10:14:00.424 [restartedMain] INFO  o.a.c.h.Http11NioProtocol - [log,173] - Initializing ProtocolHandler ["http-nio-8080"]
2020-02-28 10:14:00.433 [restartedMain] INFO  o.a.c.c.StandardService - [log,173] - Starting service [Tomcat]
2020-02-28 10:14:00.433 [restartedMain] INFO  o.a.c.c.StandardEngine - [log,173] - Starting Servlet Engine: Apache Tomcat/9.0.13
2020-02-28 10:14:00.439 [restartedMain] INFO  o.a.c.c.AprLifecycleListener - [log,173] - The APR based Apache Tomcat Native library which allows optimal performance in production environments was not found on the java.library.path: [C:\Program Files\Java\jdk1.8.0_201\bin;C:\Windows\Sun\Java\bin;C:\Windows\system32;C:\Windows;C:\Program Files (x86)\Common Files\Oracle\Java\javapath;C:\Windows\system32;C:\Windows;C:\Windows\System32\Wbem;C:\Windows\System32\WindowsPowerShell\v1.0\;C:\Program Files\Java\jdk1.8.0_201\bin;C:\Program Files\Java\jdk1.8.0_201\jre\bin;D:\WorkSoftware\maven\maven3.6.2\bin;D:\WorkSoftware\nodejs\;D:\WorkSoftware\Git\cmd;D:\WorkSoftware\VSCode\bin;C:\Users\Administrator\AppData\Roaming\npm;.]
2020-02-28 10:14:00.526 [restartedMain] INFO  o.a.c.c.C.[.[.[/] - [log,173] - Initializing Spring embedded WebApplicationContext
2020-02-28 10:14:00.527 [restartedMain] INFO  o.s.w.c.ContextLoader - [prepareWebApplicationContext,296] - Root WebApplicationContext: initialization completed in 2237 ms
2020-02-28 10:14:00.754 [restartedMain] INFO  c.z.h.HikariDataSource - [getConnection,110] - MyHikariCP - Starting...
2020-02-28 10:14:01.837 [restartedMain] INFO  c.z.h.HikariDataSource - [getConnection,123] - MyHikariCP - Start completed.
2020-02-28 10:14:01.898 [restartedMain] INFO  o.h.j.i.u.LogHelper - [logPersistenceUnitInformation,31] - HHH000204: Processing PersistenceUnitInfo [
	name: default
	...]
2020-02-28 10:14:01.956 [restartedMain] INFO  o.hibernate.Version - [logVersion,46] - HHH000412: Hibernate Core {5.3.7.Final}
2020-02-28 10:14:01.957 [restartedMain] INFO  o.h.cfg.Environment - [<clinit>,213] - HHH000206: hibernate.properties not found
2020-02-28 10:14:02.066 [restartedMain] INFO  o.h.a.common.Version - [<clinit>,49] - HCANN000001: Hibernate Commons Annotations {5.0.4.Final}
2020-02-28 10:14:02.205 [restartedMain] INFO  o.h.dialect.Dialect - [<init>,157] - HHH000400: Using dialect: org.hibernate.dialect.MySQL5Dialect
2020-02-28 10:14:03.217 [restartedMain] INFO  o.s.o.j.LocalContainerEntityManagerFactoryBean - [buildNativeEntityManagerFactory,415] - Initialized JPA EntityManagerFactory for persistence unit 'default'
2020-02-28 10:14:03.305 [restartedMain] INFO  o.s.b.d.a.OptionalLiveReloadServer - [startServer,57] - LiveReload server is running on port 35729
2020-02-28 10:14:03.867 [restartedMain] INFO  o.h.h.i.QueryTranslatorFactoryInitiator - [initiateService,47] - HHH000397: Using ASTQueryTranslatorFactory
2020-02-28 10:14:03.905 [restartedMain] INFO  o.s.o.j.LocalContainerEntityManagerFactoryBean - [destroy,597] - Closing JPA EntityManagerFactory for persistence unit 'default'
2020-02-28 10:14:03.909 [restartedMain] INFO  c.z.h.HikariDataSource - [close,350] - MyHikariCP - Shutdown initiated...
2020-02-28 10:14:04.332 [restartedMain] INFO  c.z.h.HikariDataSource - [close,352] - MyHikariCP - Shutdown completed.
2020-02-28 10:14:04.338 [restartedMain] INFO  o.a.c.c.StandardService - [log,173] - Stopping service [Tomcat]
2020-02-28 10:14:04.367 [restartedMain] INFO  o.s.b.a.l.ConditionEvaluationReportLoggingListener - [logMessage,142] - 

Error starting ApplicationContext. To display the conditions report re-run your application with 'debug' enabled.
2020-02-28 10:15:07.868 [restartedMain] INFO  c.r.c.ClientApplication - [logStarting,50] - Starting ClientApplication on PC-201911242152 with PID 10360 (G:\IDEAPRECT\GIT\client\target\classes started by Administrator in G:\IDEAPRECT\GIT\client)
2020-02-28 10:15:07.873 [restartedMain] INFO  c.r.c.ClientApplication - [logStartupProfileInfo,675] - No active profile set, falling back to default profiles: default
2020-02-28 10:15:08.050 [restartedMain] INFO  o.s.b.d.e.DevToolsPropertyDefaultsPostProcessor - [logTo,227] - Devtools property defaults active! Set 'spring.devtools.add-properties' to 'false' to disable
2020-02-28 10:15:08.051 [restartedMain] INFO  o.s.b.d.e.DevToolsPropertyDefaultsPostProcessor - [logTo,227] - For additional web related logging consider setting the 'logging.level.web' property to 'DEBUG'
2020-02-28 10:15:09.004 [restartedMain] INFO  o.s.d.r.c.RepositoryConfigurationDelegate - [registerRepositoriesIn,126] - Bootstrapping Spring Data repositories in DEFAULT mode.
2020-02-28 10:15:09.062 [restartedMain] INFO  o.s.d.r.c.RepositoryConfigurationDelegate - [registerRepositoriesIn,182] - Finished Spring Data repository scanning in 51ms. Found 1 repository interfaces.
2020-02-28 10:15:09.409 [restartedMain] INFO  o.s.c.s.PostProcessorRegistrationDelegate$BeanPostProcessorChecker - [postProcessAfterInitialization,330] - Bean 'org.springframework.transaction.annotation.ProxyTransactionManagementConfiguration' of type [org.springframework.transaction.annotation.ProxyTransactionManagementConfiguration$$EnhancerBySpringCGLIB$$a4834378] is not eligible for getting processed by all BeanPostProcessors (for example: not eligible for auto-proxying)
2020-02-28 10:15:09.519 [restartedMain] INFO  o.s.c.s.PostProcessorRegistrationDelegate$BeanPostProcessorChecker - [postProcessAfterInitialization,330] - Bean 'org.springframework.security.config.annotation.configuration.ObjectPostProcessorConfiguration' of type [org.springframework.security.config.annotation.configuration.ObjectPostProcessorConfiguration$$EnhancerBySpringCGLIB$$3d310bb2] is not eligible for getting processed by all BeanPostProcessors (for example: not eligible for auto-proxying)
2020-02-28 10:15:09.526 [restartedMain] INFO  o.s.c.s.PostProcessorRegistrationDelegate$BeanPostProcessorChecker - [postProcessAfterInitialization,330] - Bean 'objectPostProcessor' of type [org.springframework.security.config.annotation.configuration.AutowireBeanFactoryObjectPostProcessor] is not eligible for getting processed by all BeanPostProcessors (for example: not eligible for auto-proxying)
2020-02-28 10:15:09.531 [restartedMain] INFO  o.s.c.s.PostProcessorRegistrationDelegate$BeanPostProcessorChecker - [postProcessAfterInitialization,330] - Bean 'org.springframework.security.access.expression.method.DefaultMethodSecurityExpressionHandler@7e67e681' of type [org.springframework.security.access.expression.method.DefaultMethodSecurityExpressionHandler] is not eligible for getting processed by all BeanPostProcessors (for example: not eligible for auto-proxying)
2020-02-28 10:15:09.534 [restartedMain] INFO  o.s.c.s.PostProcessorRegistrationDelegate$BeanPostProcessorChecker - [postProcessAfterInitialization,330] - Bean 'org.springframework.security.config.annotation.method.configuration.GlobalMethodSecurityConfiguration' of type [org.springframework.security.config.annotation.method.configuration.GlobalMethodSecurityConfiguration$$EnhancerBySpringCGLIB$$6205ae64] is not eligible for getting processed by all BeanPostProcessors (for example: not eligible for auto-proxying)
2020-02-28 10:15:09.544 [restartedMain] INFO  o.s.c.s.PostProcessorRegistrationDelegate$BeanPostProcessorChecker - [postProcessAfterInitialization,330] - Bean 'methodSecurityMetadataSource' of type [org.springframework.security.access.method.DelegatingMethodSecurityMetadataSource] is not eligible for getting processed by all BeanPostProcessors (for example: not eligible for auto-proxying)
2020-02-28 10:15:10.113 [restartedMain] INFO  o.s.b.w.e.t.TomcatWebServer - [initialize,90] - Tomcat initialized with port(s): 8080 (http)
2020-02-28 10:15:10.124 [restartedMain] INFO  o.a.c.h.Http11NioProtocol - [log,173] - Initializing ProtocolHandler ["http-nio-8080"]
2020-02-28 10:15:10.132 [restartedMain] INFO  o.a.c.c.StandardService - [log,173] - Starting service [Tomcat]
2020-02-28 10:15:10.133 [restartedMain] INFO  o.a.c.c.StandardEngine - [log,173] - Starting Servlet Engine: Apache Tomcat/9.0.13
2020-02-28 10:15:10.139 [restartedMain] INFO  o.a.c.c.AprLifecycleListener - [log,173] - The APR based Apache Tomcat Native library which allows optimal performance in production environments was not found on the java.library.path: [C:\Program Files\Java\jdk1.8.0_201\bin;C:\Windows\Sun\Java\bin;C:\Windows\system32;C:\Windows;C:\Program Files (x86)\Common Files\Oracle\Java\javapath;C:\Windows\system32;C:\Windows;C:\Windows\System32\Wbem;C:\Windows\System32\WindowsPowerShell\v1.0\;C:\Program Files\Java\jdk1.8.0_201\bin;C:\Program Files\Java\jdk1.8.0_201\jre\bin;D:\WorkSoftware\maven\maven3.6.2\bin;D:\WorkSoftware\nodejs\;D:\WorkSoftware\Git\cmd;D:\WorkSoftware\VSCode\bin;C:\Users\Administrator\AppData\Roaming\npm;.]
2020-02-28 10:15:10.226 [restartedMain] INFO  o.a.c.c.C.[.[.[/] - [log,173] - Initializing Spring embedded WebApplicationContext
2020-02-28 10:15:10.226 [restartedMain] INFO  o.s.w.c.ContextLoader - [prepareWebApplicationContext,296] - Root WebApplicationContext: initialization completed in 2175 ms
2020-02-28 10:15:10.446 [restartedMain] INFO  c.z.h.HikariDataSource - [getConnection,110] - MyHikariCP - Starting...
2020-02-28 10:15:11.535 [restartedMain] INFO  c.z.h.HikariDataSource - [getConnection,123] - MyHikariCP - Start completed.
2020-02-28 10:15:11.611 [restartedMain] INFO  o.h.j.i.u.LogHelper - [logPersistenceUnitInformation,31] - HHH000204: Processing PersistenceUnitInfo [
	name: default
	...]
2020-02-28 10:15:11.662 [restartedMain] INFO  o.hibernate.Version - [logVersion,46] - HHH000412: Hibernate Core {5.3.7.Final}
2020-02-28 10:15:11.663 [restartedMain] INFO  o.h.cfg.Environment - [<clinit>,213] - HHH000206: hibernate.properties not found
2020-02-28 10:15:11.766 [restartedMain] INFO  o.h.a.common.Version - [<clinit>,49] - HCANN000001: Hibernate Commons Annotations {5.0.4.Final}
2020-02-28 10:15:11.872 [restartedMain] INFO  o.h.dialect.Dialect - [<init>,157] - HHH000400: Using dialect: org.hibernate.dialect.MySQL5Dialect
2020-02-28 10:15:13.089 [restartedMain] INFO  o.s.o.j.LocalContainerEntityManagerFactoryBean - [buildNativeEntityManagerFactory,415] - Initialized JPA EntityManagerFactory for persistence unit 'default'
2020-02-28 10:15:13.176 [restartedMain] INFO  o.s.b.d.a.OptionalLiveReloadServer - [startServer,57] - LiveReload server is running on port 35729
2020-02-28 10:15:13.721 [restartedMain] INFO  o.h.h.i.QueryTranslatorFactoryInitiator - [initiateService,47] - HHH000397: Using ASTQueryTranslatorFactory
2020-02-28 10:15:13.764 [restartedMain] INFO  o.s.o.j.LocalContainerEntityManagerFactoryBean - [destroy,597] - Closing JPA EntityManagerFactory for persistence unit 'default'
2020-02-28 10:15:13.767 [restartedMain] INFO  c.z.h.HikariDataSource - [close,350] - MyHikariCP - Shutdown initiated...
2020-02-28 10:15:14.098 [restartedMain] INFO  c.z.h.HikariDataSource - [close,352] - MyHikariCP - Shutdown completed.
2020-02-28 10:15:14.104 [restartedMain] INFO  o.a.c.c.StandardService - [log,173] - Stopping service [Tomcat]
2020-02-28 10:15:14.145 [restartedMain] INFO  o.s.b.a.l.ConditionEvaluationReportLoggingListener - [logMessage,142] - 

Error starting ApplicationContext. To display the conditions report re-run your application with 'debug' enabled.
2020-02-28 10:19:53.315 [restartedMain] INFO  c.r.c.ClientApplication - [logStarting,50] - Starting ClientApplication on PC-201911242152 with PID 11532 (G:\IDEAPRECT\GIT\client\target\classes started by Administrator in G:\IDEAPRECT\GIT\client)
2020-02-28 10:19:53.320 [restartedMain] INFO  c.r.c.ClientApplication - [logStartupProfileInfo,675] - No active profile set, falling back to default profiles: default
2020-02-28 10:19:53.408 [restartedMain] INFO  o.s.b.d.e.DevToolsPropertyDefaultsPostProcessor - [logTo,227] - Devtools property defaults active! Set 'spring.devtools.add-properties' to 'false' to disable
2020-02-28 10:19:53.409 [restartedMain] INFO  o.s.b.d.e.DevToolsPropertyDefaultsPostProcessor - [logTo,227] - For additional web related logging consider setting the 'logging.level.web' property to 'DEBUG'
2020-02-28 10:19:54.660 [restartedMain] INFO  o.s.d.r.c.RepositoryConfigurationDelegate - [registerRepositoriesIn,126] - Bootstrapping Spring Data repositories in DEFAULT mode.
2020-02-28 10:19:54.781 [restartedMain] INFO  o.s.d.r.c.RepositoryConfigurationDelegate - [registerRepositoriesIn,182] - Finished Spring Data repository scanning in 111ms. Found 1 repository interfaces.
2020-02-28 10:19:55.155 [restartedMain] INFO  o.s.c.s.PostProcessorRegistrationDelegate$BeanPostProcessorChecker - [postProcessAfterInitialization,330] - Bean 'org.springframework.transaction.annotation.ProxyTransactionManagementConfiguration' of type [org.springframework.transaction.annotation.ProxyTransactionManagementConfiguration$$EnhancerBySpringCGLIB$$1e90b76b] is not eligible for getting processed by all BeanPostProcessors (for example: not eligible for auto-proxying)
2020-02-28 10:19:55.269 [restartedMain] INFO  o.s.c.s.PostProcessorRegistrationDelegate$BeanPostProcessorChecker - [postProcessAfterInitialization,330] - Bean 'org.springframework.security.config.annotation.configuration.ObjectPostProcessorConfiguration' of type [org.springframework.security.config.annotation.configuration.ObjectPostProcessorConfiguration$$EnhancerBySpringCGLIB$$b73e7fa5] is not eligible for getting processed by all BeanPostProcessors (for example: not eligible for auto-proxying)
2020-02-28 10:19:55.278 [restartedMain] INFO  o.s.c.s.PostProcessorRegistrationDelegate$BeanPostProcessorChecker - [postProcessAfterInitialization,330] - Bean 'objectPostProcessor' of type [org.springframework.security.config.annotation.configuration.AutowireBeanFactoryObjectPostProcessor] is not eligible for getting processed by all BeanPostProcessors (for example: not eligible for auto-proxying)
2020-02-28 10:19:55.284 [restartedMain] INFO  o.s.c.s.PostProcessorRegistrationDelegate$BeanPostProcessorChecker - [postProcessAfterInitialization,330] - Bean 'org.springframework.security.access.expression.method.DefaultMethodSecurityExpressionHandler@15211c1e' of type [org.springframework.security.access.expression.method.DefaultMethodSecurityExpressionHandler] is not eligible for getting processed by all BeanPostProcessors (for example: not eligible for auto-proxying)
2020-02-28 10:19:55.286 [restartedMain] INFO  o.s.c.s.PostProcessorRegistrationDelegate$BeanPostProcessorChecker - [postProcessAfterInitialization,330] - Bean 'org.springframework.security.config.annotation.method.configuration.GlobalMethodSecurityConfiguration' of type [org.springframework.security.config.annotation.method.configuration.GlobalMethodSecurityConfiguration$$EnhancerBySpringCGLIB$$dc132257] is not eligible for getting processed by all BeanPostProcessors (for example: not eligible for auto-proxying)
2020-02-28 10:19:55.296 [restartedMain] INFO  o.s.c.s.PostProcessorRegistrationDelegate$BeanPostProcessorChecker - [postProcessAfterInitialization,330] - Bean 'methodSecurityMetadataSource' of type [org.springframework.security.access.method.DelegatingMethodSecurityMetadataSource] is not eligible for getting processed by all BeanPostProcessors (for example: not eligible for auto-proxying)
2020-02-28 10:19:55.878 [restartedMain] INFO  o.s.b.w.e.t.TomcatWebServer - [initialize,90] - Tomcat initialized with port(s): 8080 (http)
2020-02-28 10:19:55.888 [restartedMain] INFO  o.a.c.h.Http11NioProtocol - [log,173] - Initializing ProtocolHandler ["http-nio-8080"]
2020-02-28 10:19:55.896 [restartedMain] INFO  o.a.c.c.StandardService - [log,173] - Starting service [Tomcat]
2020-02-28 10:19:55.897 [restartedMain] INFO  o.a.c.c.StandardEngine - [log,173] - Starting Servlet Engine: Apache Tomcat/9.0.13
2020-02-28 10:19:55.902 [restartedMain] INFO  o.a.c.c.AprLifecycleListener - [log,173] - The APR based Apache Tomcat Native library which allows optimal performance in production environments was not found on the java.library.path: [C:\Program Files\Java\jdk1.8.0_201\bin;C:\Windows\Sun\Java\bin;C:\Windows\system32;C:\Windows;C:\Program Files (x86)\Common Files\Oracle\Java\javapath;C:\Windows\system32;C:\Windows;C:\Windows\System32\Wbem;C:\Windows\System32\WindowsPowerShell\v1.0\;C:\Program Files\Java\jdk1.8.0_201\bin;C:\Program Files\Java\jdk1.8.0_201\jre\bin;D:\WorkSoftware\maven\maven3.6.2\bin;D:\WorkSoftware\nodejs\;D:\WorkSoftware\Git\cmd;D:\WorkSoftware\VSCode\bin;C:\Users\Administrator\AppData\Roaming\npm;.]
2020-02-28 10:19:55.987 [restartedMain] INFO  o.a.c.c.C.[.[.[/] - [log,173] - Initializing Spring embedded WebApplicationContext
2020-02-28 10:19:55.988 [restartedMain] INFO  o.s.w.c.ContextLoader - [prepareWebApplicationContext,296] - Root WebApplicationContext: initialization completed in 2579 ms
2020-02-28 10:19:56.226 [restartedMain] INFO  c.z.h.HikariDataSource - [getConnection,110] - MyHikariCP - Starting...
2020-02-28 10:19:57.348 [restartedMain] INFO  c.z.h.HikariDataSource - [getConnection,123] - MyHikariCP - Start completed.
2020-02-28 10:19:57.432 [restartedMain] INFO  o.h.j.i.u.LogHelper - [logPersistenceUnitInformation,31] - HHH000204: Processing PersistenceUnitInfo [
	name: default
	...]
2020-02-28 10:19:57.487 [restartedMain] INFO  o.hibernate.Version - [logVersion,46] - HHH000412: Hibernate Core {5.3.7.Final}
2020-02-28 10:19:57.489 [restartedMain] INFO  o.h.cfg.Environment - [<clinit>,213] - HHH000206: hibernate.properties not found
2020-02-28 10:19:57.608 [restartedMain] INFO  o.h.a.common.Version - [<clinit>,49] - HCANN000001: Hibernate Commons Annotations {5.0.4.Final}
2020-02-28 10:19:57.712 [restartedMain] INFO  o.h.dialect.Dialect - [<init>,157] - HHH000400: Using dialect: org.hibernate.dialect.MySQL5Dialect
2020-02-28 10:19:59.100 [restartedMain] INFO  o.s.o.j.LocalContainerEntityManagerFactoryBean - [buildNativeEntityManagerFactory,415] - Initialized JPA EntityManagerFactory for persistence unit 'default'
2020-02-28 10:19:59.199 [restartedMain] INFO  o.s.b.d.a.OptionalLiveReloadServer - [startServer,57] - LiveReload server is running on port 35729
2020-02-28 10:20:00.255 [restartedMain] INFO  s.d.s.w.PropertySourcedRequestMappingHandlerMapping - [initHandlerMethods,69] - Mapped URL path [/v2/api-docs] onto method [public org.springframework.http.ResponseEntity<springfox.documentation.spring.web.json.Json> springfox.documentation.swagger2.web.Swagger2Controller.getDocumentation(java.lang.String,javax.servlet.http.HttpServletRequest)]
2020-02-28 10:20:00.738 [restartedMain] INFO  o.s.s.w.DefaultSecurityFilterChain - [<init>,43] - Creating filter chain: any request, [org.springframework.security.web.context.request.async.WebAsyncManagerIntegrationFilter@79089a8, org.springframework.security.web.context.SecurityContextPersistenceFilter@3f91b76f, org.springframework.security.web.header.HeaderWriterFilter@1698cffd, org.springframework.security.web.authentication.logout.LogoutFilter@66af2a12, com.rbgt.client.config.JwtRequestFilter@3e3613e3, org.springframework.security.web.savedrequest.RequestCacheAwareFilter@7ded7789, org.springframework.security.web.servletapi.SecurityContextHolderAwareRequestFilter@7f10eac7, org.springframework.security.web.authentication.AnonymousAuthenticationFilter@2b7a3041, org.springframework.security.web.session.SessionManagementFilter@58452147, org.springframework.security.web.access.ExceptionTranslationFilter@19bee923, org.springframework.security.web.access.intercept.FilterSecurityInterceptor@7b5fa390]
2020-02-28 10:20:00.997 [restartedMain] INFO  o.s.s.c.ThreadPoolTaskExecutor - [initialize,171] - Initializing ExecutorService 'applicationTaskExecutor'
2020-02-28 10:20:01.294 [restartedMain] INFO  s.d.s.w.p.DocumentationPluginsBootstrapper - [start,151] - Context refreshed
2020-02-28 10:20:01.315 [restartedMain] INFO  s.d.s.w.p.DocumentationPluginsBootstrapper - [start,154] - Found 1 custom documentation plugin(s)
2020-02-28 10:20:01.341 [restartedMain] INFO  s.d.s.w.s.ApiListingReferenceScanner - [scan,41] - Scanning for api listing references
2020-02-28 10:20:01.517 [restartedMain] INFO  o.a.c.h.Http11NioProtocol - [log,173] - Starting ProtocolHandler ["http-nio-8080"]
2020-02-28 10:20:01.526 [restartedMain] INFO  o.a.t.u.n.NioSelectorPool - [log,173] - Using a shared selector for servlet write/read
2020-02-28 10:20:01.540 [restartedMain] INFO  o.s.b.w.e.t.TomcatWebServer - [start,204] - Tomcat started on port(s): 8080 (http) with context path ''
2020-02-28 10:20:01.542 [restartedMain] INFO  c.r.c.ClientApplication - [logStarted,59] - Started ClientApplication in 9.017 seconds (JVM running for 9.922)
2020-02-28 10:24:30.584 [restartedMain] INFO  c.r.c.ClientApplication - [logStarting,50] - Starting ClientApplication on PC-201911242152 with PID 9852 (G:\IDEAPRECT\GIT\client\target\classes started by Administrator in G:\IDEAPRECT\GIT\client)
2020-02-28 10:24:30.591 [restartedMain] INFO  c.r.c.ClientApplication - [logStartupProfileInfo,675] - No active profile set, falling back to default profiles: default
2020-02-28 10:24:30.726 [restartedMain] INFO  o.s.b.d.e.DevToolsPropertyDefaultsPostProcessor - [logTo,227] - Devtools property defaults active! Set 'spring.devtools.add-properties' to 'false' to disable
2020-02-28 10:24:30.727 [restartedMain] INFO  o.s.b.d.e.DevToolsPropertyDefaultsPostProcessor - [logTo,227] - For additional web related logging consider setting the 'logging.level.web' property to 'DEBUG'
2020-02-28 10:24:31.746 [restartedMain] INFO  o.s.d.r.c.RepositoryConfigurationDelegate - [registerRepositoriesIn,126] - Bootstrapping Spring Data repositories in DEFAULT mode.
2020-02-28 10:24:31.808 [restartedMain] INFO  o.s.d.r.c.RepositoryConfigurationDelegate - [registerRepositoriesIn,182] - Finished Spring Data repository scanning in 56ms. Found 1 repository interfaces.
2020-02-28 10:24:32.164 [restartedMain] INFO  o.s.c.s.PostProcessorRegistrationDelegate$BeanPostProcessorChecker - [postProcessAfterInitialization,330] - Bean 'org.springframework.transaction.annotation.ProxyTransactionManagementConfiguration' of type [org.springframework.transaction.annotation.ProxyTransactionManagementConfiguration$$EnhancerBySpringCGLIB$$1d3526e3] is not eligible for getting processed by all BeanPostProcessors (for example: not eligible for auto-proxying)
2020-02-28 10:24:32.296 [restartedMain] INFO  o.s.c.s.PostProcessorRegistrationDelegate$BeanPostProcessorChecker - [postProcessAfterInitialization,330] - Bean 'org.springframework.security.config.annotation.configuration.ObjectPostProcessorConfiguration' of type [org.springframework.security.config.annotation.configuration.ObjectPostProcessorConfiguration$$EnhancerBySpringCGLIB$$b5e2ef1d] is not eligible for getting processed by all BeanPostProcessors (for example: not eligible for auto-proxying)
2020-02-28 10:24:32.303 [restartedMain] INFO  o.s.c.s.PostProcessorRegistrationDelegate$BeanPostProcessorChecker - [postProcessAfterInitialization,330] - Bean 'objectPostProcessor' of type [org.springframework.security.config.annotation.configuration.AutowireBeanFactoryObjectPostProcessor] is not eligible for getting processed by all BeanPostProcessors (for example: not eligible for auto-proxying)
2020-02-28 10:24:32.308 [restartedMain] INFO  o.s.c.s.PostProcessorRegistrationDelegate$BeanPostProcessorChecker - [postProcessAfterInitialization,330] - Bean 'org.springframework.security.access.expression.method.DefaultMethodSecurityExpressionHandler@48bad69e' of type [org.springframework.security.access.expression.method.DefaultMethodSecurityExpressionHandler] is not eligible for getting processed by all BeanPostProcessors (for example: not eligible for auto-proxying)
2020-02-28 10:24:32.309 [restartedMain] INFO  o.s.c.s.PostProcessorRegistrationDelegate$BeanPostProcessorChecker - [postProcessAfterInitialization,330] - Bean 'org.springframework.security.config.annotation.method.configuration.GlobalMethodSecurityConfiguration' of type [org.springframework.security.config.annotation.method.configuration.GlobalMethodSecurityConfiguration$$EnhancerBySpringCGLIB$$dab791cf] is not eligible for getting processed by all BeanPostProcessors (for example: not eligible for auto-proxying)
2020-02-28 10:24:32.319 [restartedMain] INFO  o.s.c.s.PostProcessorRegistrationDelegate$BeanPostProcessorChecker - [postProcessAfterInitialization,330] - Bean 'methodSecurityMetadataSource' of type [org.springframework.security.access.method.DelegatingMethodSecurityMetadataSource] is not eligible for getting processed by all BeanPostProcessors (for example: not eligible for auto-proxying)
2020-02-28 10:24:32.863 [restartedMain] INFO  o.s.b.w.e.t.TomcatWebServer - [initialize,90] - Tomcat initialized with port(s): 8080 (http)
2020-02-28 10:24:32.874 [restartedMain] INFO  o.a.c.h.Http11NioProtocol - [log,173] - Initializing ProtocolHandler ["http-nio-8080"]
2020-02-28 10:24:32.882 [restartedMain] INFO  o.a.c.c.StandardService - [log,173] - Starting service [Tomcat]
2020-02-28 10:24:32.883 [restartedMain] INFO  o.a.c.c.StandardEngine - [log,173] - Starting Servlet Engine: Apache Tomcat/9.0.13
2020-02-28 10:24:32.891 [restartedMain] INFO  o.a.c.c.AprLifecycleListener - [log,173] - The APR based Apache Tomcat Native library which allows optimal performance in production environments was not found on the java.library.path: [C:\Program Files\Java\jdk1.8.0_201\bin;C:\Windows\Sun\Java\bin;C:\Windows\system32;C:\Windows;C:\Program Files (x86)\Common Files\Oracle\Java\javapath;C:\Windows\system32;C:\Windows;C:\Windows\System32\Wbem;C:\Windows\System32\WindowsPowerShell\v1.0\;C:\Program Files\Java\jdk1.8.0_201\bin;C:\Program Files\Java\jdk1.8.0_201\jre\bin;D:\WorkSoftware\maven\maven3.6.2\bin;D:\WorkSoftware\nodejs\;D:\WorkSoftware\Git\cmd;D:\WorkSoftware\VSCode\bin;C:\Users\Administrator\AppData\Roaming\npm;.]
2020-02-28 10:24:32.973 [restartedMain] INFO  o.a.c.c.C.[.[.[/] - [log,173] - Initializing Spring embedded WebApplicationContext
2020-02-28 10:24:32.973 [restartedMain] INFO  o.s.w.c.ContextLoader - [prepareWebApplicationContext,296] - Root WebApplicationContext: initialization completed in 2246 ms
2020-02-28 10:24:33.193 [restartedMain] INFO  c.z.h.HikariDataSource - [getConnection,110] - MyHikariCP - Starting...
2020-02-28 10:24:34.223 [restartedMain] INFO  c.z.h.HikariDataSource - [getConnection,123] - MyHikariCP - Start completed.
2020-02-28 10:24:34.272 [restartedMain] INFO  o.h.j.i.u.LogHelper - [logPersistenceUnitInformation,31] - HHH000204: Processing PersistenceUnitInfo [
	name: default
	...]
2020-02-28 10:24:34.323 [restartedMain] INFO  o.hibernate.Version - [logVersion,46] - HHH000412: Hibernate Core {5.3.7.Final}
2020-02-28 10:24:34.324 [restartedMain] INFO  o.h.cfg.Environment - [<clinit>,213] - HHH000206: hibernate.properties not found
2020-02-28 10:24:34.440 [restartedMain] INFO  o.h.a.common.Version - [<clinit>,49] - HCANN000001: Hibernate Commons Annotations {5.0.4.Final}
2020-02-28 10:24:34.555 [restartedMain] INFO  o.h.dialect.Dialect - [<init>,157] - HHH000400: Using dialect: org.hibernate.dialect.MySQL5Dialect
2020-02-28 10:24:35.622 [restartedMain] INFO  o.s.o.j.LocalContainerEntityManagerFactoryBean - [buildNativeEntityManagerFactory,415] - Initialized JPA EntityManagerFactory for persistence unit 'default'
2020-02-28 10:24:35.707 [restartedMain] INFO  o.s.b.d.a.OptionalLiveReloadServer - [startServer,57] - LiveReload server is running on port 35729
2020-02-28 10:24:36.216 [restartedMain] INFO  o.h.h.i.QueryTranslatorFactoryInitiator - [initiateService,47] - HHH000397: Using ASTQueryTranslatorFactory
2020-02-28 10:24:36.255 [restartedMain] INFO  o.s.o.j.LocalContainerEntityManagerFactoryBean - [destroy,597] - Closing JPA EntityManagerFactory for persistence unit 'default'
2020-02-28 10:24:36.258 [restartedMain] INFO  c.z.h.HikariDataSource - [close,350] - MyHikariCP - Shutdown initiated...
2020-02-28 10:24:36.555 [restartedMain] INFO  c.z.h.HikariDataSource - [close,352] - MyHikariCP - Shutdown completed.
2020-02-28 10:24:36.561 [restartedMain] INFO  o.a.c.c.StandardService - [log,173] - Stopping service [Tomcat]
2020-02-28 10:24:36.592 [restartedMain] INFO  o.s.b.a.l.ConditionEvaluationReportLoggingListener - [logMessage,142] - 

Error starting ApplicationContext. To display the conditions report re-run your application with 'debug' enabled.
2020-02-28 10:25:10.711 [restartedMain] INFO  c.r.c.ClientApplication - [logStarting,50] - Starting ClientApplication on PC-201911242152 with PID 12372 (G:\IDEAPRECT\GIT\client\target\classes started by Administrator in G:\IDEAPRECT\GIT\client)
2020-02-28 10:25:10.716 [restartedMain] INFO  c.r.c.ClientApplication - [logStartupProfileInfo,675] - No active profile set, falling back to default profiles: default
2020-02-28 10:25:10.800 [restartedMain] INFO  o.s.b.d.e.DevToolsPropertyDefaultsPostProcessor - [logTo,227] - Devtools property defaults active! Set 'spring.devtools.add-properties' to 'false' to disable
2020-02-28 10:25:10.801 [restartedMain] INFO  o.s.b.d.e.DevToolsPropertyDefaultsPostProcessor - [logTo,227] - For additional web related logging consider setting the 'logging.level.web' property to 'DEBUG'
2020-02-28 10:25:11.713 [restartedMain] INFO  o.s.d.r.c.RepositoryConfigurationDelegate - [registerRepositoriesIn,126] - Bootstrapping Spring Data repositories in DEFAULT mode.
2020-02-28 10:25:11.778 [restartedMain] INFO  o.s.d.r.c.RepositoryConfigurationDelegate - [registerRepositoriesIn,182] - Finished Spring Data repository scanning in 59ms. Found 1 repository interfaces.
2020-02-28 10:25:12.141 [restartedMain] INFO  o.s.c.s.PostProcessorRegistrationDelegate$BeanPostProcessorChecker - [postProcessAfterInitialization,330] - Bean 'org.springframework.transaction.annotation.ProxyTransactionManagementConfiguration' of type [org.springframework.transaction.annotation.ProxyTransactionManagementConfiguration$$EnhancerBySpringCGLIB$$72901968] is not eligible for getting processed by all BeanPostProcessors (for example: not eligible for auto-proxying)
2020-02-28 10:25:12.250 [restartedMain] INFO  o.s.c.s.PostProcessorRegistrationDelegate$BeanPostProcessorChecker - [postProcessAfterInitialization,330] - Bean 'org.springframework.security.config.annotation.configuration.ObjectPostProcessorConfiguration' of type [org.springframework.security.config.annotation.configuration.ObjectPostProcessorConfiguration$$EnhancerBySpringCGLIB$$b3de1a2] is not eligible for getting processed by all BeanPostProcessors (for example: not eligible for auto-proxying)
2020-02-28 10:25:12.259 [restartedMain] INFO  o.s.c.s.PostProcessorRegistrationDelegate$BeanPostProcessorChecker - [postProcessAfterInitialization,330] - Bean 'objectPostProcessor' of type [org.springframework.security.config.annotation.configuration.AutowireBeanFactoryObjectPostProcessor] is not eligible for getting processed by all BeanPostProcessors (for example: not eligible for auto-proxying)
2020-02-28 10:25:12.265 [restartedMain] INFO  o.s.c.s.PostProcessorRegistrationDelegate$BeanPostProcessorChecker - [postProcessAfterInitialization,330] - Bean 'org.springframework.security.access.expression.method.DefaultMethodSecurityExpressionHandler@267c517d' of type [org.springframework.security.access.expression.method.DefaultMethodSecurityExpressionHandler] is not eligible for getting processed by all BeanPostProcessors (for example: not eligible for auto-proxying)
2020-02-28 10:25:12.269 [restartedMain] INFO  o.s.c.s.PostProcessorRegistrationDelegate$BeanPostProcessorChecker - [postProcessAfterInitialization,330] - Bean 'org.springframework.security.config.annotation.method.configuration.GlobalMethodSecurityConfiguration' of type [org.springframework.security.config.annotation.method.configuration.GlobalMethodSecurityConfiguration$$EnhancerBySpringCGLIB$$30128454] is not eligible for getting processed by all BeanPostProcessors (for example: not eligible for auto-proxying)
2020-02-28 10:25:12.278 [restartedMain] INFO  o.s.c.s.PostProcessorRegistrationDelegate$BeanPostProcessorChecker - [postProcessAfterInitialization,330] - Bean 'methodSecurityMetadataSource' of type [org.springframework.security.access.method.DelegatingMethodSecurityMetadataSource] is not eligible for getting processed by all BeanPostProcessors (for example: not eligible for auto-proxying)
2020-02-28 10:25:12.865 [restartedMain] INFO  o.s.b.w.e.t.TomcatWebServer - [initialize,90] - Tomcat initialized with port(s): 8080 (http)
2020-02-28 10:25:12.877 [restartedMain] INFO  o.a.c.h.Http11NioProtocol - [log,173] - Initializing ProtocolHandler ["http-nio-8080"]
2020-02-28 10:25:12.886 [restartedMain] INFO  o.a.c.c.StandardService - [log,173] - Starting service [Tomcat]
2020-02-28 10:25:12.886 [restartedMain] INFO  o.a.c.c.StandardEngine - [log,173] - Starting Servlet Engine: Apache Tomcat/9.0.13
2020-02-28 10:25:12.893 [restartedMain] INFO  o.a.c.c.AprLifecycleListener - [log,173] - The APR based Apache Tomcat Native library which allows optimal performance in production environments was not found on the java.library.path: [C:\Program Files\Java\jdk1.8.0_201\bin;C:\Windows\Sun\Java\bin;C:\Windows\system32;C:\Windows;C:\Program Files (x86)\Common Files\Oracle\Java\javapath;C:\Windows\system32;C:\Windows;C:\Windows\System32\Wbem;C:\Windows\System32\WindowsPowerShell\v1.0\;C:\Program Files\Java\jdk1.8.0_201\bin;C:\Program Files\Java\jdk1.8.0_201\jre\bin;D:\WorkSoftware\maven\maven3.6.2\bin;D:\WorkSoftware\nodejs\;D:\WorkSoftware\Git\cmd;D:\WorkSoftware\VSCode\bin;C:\Users\Administrator\AppData\Roaming\npm;.]
2020-02-28 10:25:12.981 [restartedMain] INFO  o.a.c.c.C.[.[.[/] - [log,173] - Initializing Spring embedded WebApplicationContext
2020-02-28 10:25:12.981 [restartedMain] INFO  o.s.w.c.ContextLoader - [prepareWebApplicationContext,296] - Root WebApplicationContext: initialization completed in 2180 ms
2020-02-28 10:25:13.204 [restartedMain] INFO  c.z.h.HikariDataSource - [getConnection,110] - MyHikariCP - Starting...
2020-02-28 10:25:14.197 [restartedMain] INFO  c.z.h.HikariDataSource - [getConnection,123] - MyHikariCP - Start completed.
2020-02-28 10:25:14.258 [restartedMain] INFO  o.h.j.i.u.LogHelper - [logPersistenceUnitInformation,31] - HHH000204: Processing PersistenceUnitInfo [
	name: default
	...]
2020-02-28 10:25:14.315 [restartedMain] INFO  o.hibernate.Version - [logVersion,46] - HHH000412: Hibernate Core {5.3.7.Final}
2020-02-28 10:25:14.317 [restartedMain] INFO  o.h.cfg.Environment - [<clinit>,213] - HHH000206: hibernate.properties not found
2020-02-28 10:25:14.414 [restartedMain] INFO  o.h.a.common.Version - [<clinit>,49] - HCANN000001: Hibernate Commons Annotations {5.0.4.Final}
2020-02-28 10:25:14.521 [restartedMain] INFO  o.h.dialect.Dialect - [<init>,157] - HHH000400: Using dialect: org.hibernate.dialect.MySQL5Dialect
2020-02-28 10:25:15.480 [restartedMain] INFO  o.s.o.j.LocalContainerEntityManagerFactoryBean - [buildNativeEntityManagerFactory,415] - Initialized JPA EntityManagerFactory for persistence unit 'default'
2020-02-28 10:25:15.597 [restartedMain] INFO  o.s.b.d.a.OptionalLiveReloadServer - [startServer,57] - LiveReload server is running on port 35729
2020-02-28 10:25:16.139 [restartedMain] INFO  o.h.h.i.QueryTranslatorFactoryInitiator - [initiateService,47] - HHH000397: Using ASTQueryTranslatorFactory
2020-02-28 10:25:16.180 [restartedMain] INFO  o.s.o.j.LocalContainerEntityManagerFactoryBean - [destroy,597] - Closing JPA EntityManagerFactory for persistence unit 'default'
2020-02-28 10:25:16.183 [restartedMain] INFO  c.z.h.HikariDataSource - [close,350] - MyHikariCP - Shutdown initiated...
2020-02-28 10:25:16.524 [restartedMain] INFO  c.z.h.HikariDataSource - [close,352] - MyHikariCP - Shutdown completed.
2020-02-28 10:25:16.531 [restartedMain] INFO  o.a.c.c.StandardService - [log,173] - Stopping service [Tomcat]
2020-02-28 10:25:16.558 [restartedMain] INFO  o.s.b.a.l.ConditionEvaluationReportLoggingListener - [logMessage,142] - 

Error starting ApplicationContext. To display the conditions report re-run your application with 'debug' enabled.
