2020-02-09 15:02:25.138 [restartedMain] WARN  o.s.b.w.s.c.AnnotationConfigServletWebServerApplicationContext - [refresh,558] - Exception encountered during context initialization - cancelling refresh attempt: org.springframework.context.ApplicationContextException: Unable to start web server; nested exception is org.springframework.boot.web.server.WebServerException: Unable to start embedded Tomcat
2020-02-09 15:02:56.802 [restartedMain] WARN  o.s.b.w.s.c.AnnotationConfigServletWebServerApplicationContext - [refresh,558] - Exception encountered during context initialization - cancelling refresh attempt: org.springframework.context.ApplicationContextException: Unable to start web server; nested exception is org.springframework.boot.web.server.WebServerException: Unable to start embedded Tomcat
2020-02-09 15:03:58.569 [restartedMain] WARN  c.z.h.u.DriverDataSource - [<init>,70] - Registered driver with driverClassName=com.mysql.jdbc.Driver was not found, trying direct instantiation.
2020-02-09 15:04:00.959 [restartedMain] WARN  o.s.b.a.o.j.JpaBaseConfiguration$JpaWebConfiguration - [openEntityManagerInViewInterceptor,220] - spring.jpa.open-in-view is enabled by default. Therefore, database queries may be performed during view rendering. Explicitly configure spring.jpa.open-in-view to disable this warning
2020-02-09 15:04:27.616 [http-nio-8080-exec-1] WARN  c.r.c.c.JwtRequestFilter - [doFilterInternal,57] - JWT Token does not begin with Bearer String
2020-02-09 15:04:27.777 [http-nio-8080-exec-2] WARN  c.r.c.c.JwtRequestFilter - [doFilterInternal,57] - JWT Token does not begin with Bearer String
2020-02-09 15:05:06.393 [http-nio-8080-exec-3] WARN  c.r.c.c.JwtRequestFilter - [doFilterInternal,57] - JWT Token does not begin with Bearer String
2020-02-09 15:05:50.900 [http-nio-8080-exec-6] WARN  c.r.c.c.JwtRequestFilter - [doFilterInternal,57] - JWT Token does not begin with Bearer String
2020-02-09 15:05:50.904 [http-nio-8080-exec-6] WARN  o.s.w.s.m.s.DefaultHandlerExceptionResolver - [logException,199] - Resolved [org.springframework.web.HttpRequestMethodNotSupportedException: Request method 'GET' not supported]
2020-02-09 15:06:01.324 [http-nio-8080-exec-7] WARN  c.r.c.c.JwtRequestFilter - [doFilterInternal,57] - JWT Token does not begin with Bearer String
2020-02-09 15:06:01.326 [http-nio-8080-exec-7] WARN  o.s.w.s.m.s.DefaultHandlerExceptionResolver - [logException,199] - Resolved [org.springframework.web.HttpRequestMethodNotSupportedException: Request method 'GET' not supported]
2020-02-09 15:07:46.312 [restartedMain] WARN  c.z.h.u.DriverDataSource - [<init>,70] - Registered driver with driverClassName=com.mysql.jdbc.Driver was not found, trying direct instantiation.
2020-02-09 15:07:48.518 [restartedMain] WARN  o.s.b.a.o.j.JpaBaseConfiguration$JpaWebConfiguration - [openEntityManagerInViewInterceptor,220] - spring.jpa.open-in-view is enabled by default. Therefore, database queries may be performed during view rendering. Explicitly configure spring.jpa.open-in-view to disable this warning
2020-02-09 15:07:56.243 [http-nio-8080-exec-1] WARN  c.r.c.c.JwtRequestFilter - [doFilterInternal,57] - JWT Token does not begin with Bearer String
2020-02-09 15:07:56.253 [http-nio-8080-exec-1] WARN  o.s.w.s.m.s.DefaultHandlerExceptionResolver - [logException,199] - Resolved [org.springframework.web.HttpRequestMethodNotSupportedException: Request method 'GET' not supported]
2020-02-09 15:08:09.778 [http-nio-8080-exec-2] WARN  c.r.c.c.JwtRequestFilter - [doFilterInternal,57] - JWT Token does not begin with Bearer String
2020-02-09 15:08:09.780 [http-nio-8080-exec-2] WARN  o.s.w.s.m.s.DefaultHandlerExceptionResolver - [logException,199] - Resolved [org.springframework.web.HttpRequestMethodNotSupportedException: Request method 'GET' not supported]
2020-02-09 15:10:38.812 [http-nio-8080-exec-4] WARN  c.r.c.c.JwtRequestFilter - [doFilterInternal,57] - JWT Token does not begin with Bearer String
2020-02-09 15:10:51.798 [http-nio-8080-exec-5] WARN  c.r.c.c.JwtRequestFilter - [doFilterInternal,57] - JWT Token does not begin with Bearer String
2020-02-09 15:17:48.268 [restartedMain] WARN  c.z.h.u.DriverDataSource - [<init>,68] - Registered driver with driverClassName=com.mysql.jdbc.Driver was not found, trying direct instantiation.
2020-02-09 15:17:51.364 [restartedMain] WARN  o.s.b.a.o.j.JpaBaseConfiguration$JpaWebConfiguration$JpaWebMvcConfiguration - [openEntityManagerInViewInterceptor,234] - spring.jpa.open-in-view is enabled by default. Therefore, database queries may be performed during view rendering. Explicitly configure spring.jpa.open-in-view to disable this warning
2020-02-09 15:17:57.281 [http-nio-8080-exec-1] WARN  c.r.c.c.JwtRequestFilter - [doFilterInternal,57] - JWT Token does not begin with Bearer String
2020-02-09 15:19:50.482 [restartedMain] WARN  c.z.h.u.DriverDataSource - [<init>,68] - Registered driver with driverClassName=com.mysql.jdbc.Driver was not found, trying direct instantiation.
2020-02-09 15:19:53.688 [restartedMain] WARN  o.s.b.a.o.j.JpaBaseConfiguration$JpaWebConfiguration$JpaWebMvcConfiguration - [openEntityManagerInViewInterceptor,234] - spring.jpa.open-in-view is enabled by default. Therefore, database queries may be performed during view rendering. Explicitly configure spring.jpa.open-in-view to disable this warning
2020-02-09 15:20:03.561 [http-nio-8080-exec-1] WARN  c.r.c.c.JwtRequestFilter - [doFilterInternal,57] - JWT Token does not begin with Bearer String
2020-02-09 15:20:12.028 [http-nio-8080-exec-2] WARN  c.r.c.c.JwtRequestFilter - [doFilterInternal,57] - JWT Token does not begin with Bearer String
2020-02-09 15:20:12.107 [http-nio-8080-exec-3] WARN  c.r.c.c.JwtRequestFilter - [doFilterInternal,57] - JWT Token does not begin with Bearer String
2020-02-09 15:21:09.321 [http-nio-8080-exec-5] WARN  c.r.c.c.JwtRequestFilter - [doFilterInternal,57] - JWT Token does not begin with Bearer String
2020-02-09 15:23:54.650 [restartedMain] WARN  c.z.h.u.DriverDataSource - [<init>,68] - Registered driver with driverClassName=com.mysql.jdbc.Driver was not found, trying direct instantiation.
2020-02-09 15:23:57.883 [restartedMain] WARN  o.s.b.a.o.j.JpaBaseConfiguration$JpaWebConfiguration$JpaWebMvcConfiguration - [openEntityManagerInViewInterceptor,234] - spring.jpa.open-in-view is enabled by default. Therefore, database queries may be performed during view rendering. Explicitly configure spring.jpa.open-in-view to disable this warning
2020-02-09 15:24:29.171 [http-nio-8080-exec-1] WARN  c.r.c.c.JwtRequestFilter - [doFilterInternal,57] - JWT Token does not begin with Bearer String
2020-02-09 15:26:29.345 [restartedMain] WARN  c.z.h.u.DriverDataSource - [<init>,68] - Registered driver with driverClassName=com.mysql.jdbc.Driver was not found, trying direct instantiation.
2020-02-09 15:26:32.756 [restartedMain] WARN  o.s.b.a.o.j.JpaBaseConfiguration$JpaWebConfiguration$JpaWebMvcConfiguration - [openEntityManagerInViewInterceptor,234] - spring.jpa.open-in-view is enabled by default. Therefore, database queries may be performed during view rendering. Explicitly configure spring.jpa.open-in-view to disable this warning
2020-02-09 15:26:38.190 [http-nio-8080-exec-1] WARN  c.r.c.c.JwtRequestFilter - [doFilterInternal,57] - JWT Token does not begin with Bearer String
2020-02-09 15:32:17.660 [restartedMain] WARN  c.z.h.u.DriverDataSource - [<init>,68] - Registered driver with driverClassName=com.mysql.jdbc.Driver was not found, trying direct instantiation.
2020-02-09 15:32:19.974 [restartedMain] WARN  o.s.b.w.s.c.AnnotationConfigServletWebServerApplicationContext - [refresh,554] - Exception encountered during context initialization - cancelling refresh attempt: org.springframework.beans.factory.UnsatisfiedDependencyException: Error creating bean with name 'jwtAuthenticationController': Unsatisfied dependency expressed through field 'authenticationManager'; nested exception is org.springframework.beans.factory.NoSuchBeanDefinitionException: No qualifying bean of type 'org.springframework.security.authentication.AuthenticationManager' available: expected at least 1 bean which qualifies as autowire candidate. Dependency annotations: {@org.springframework.beans.factory.annotation.Autowired(required=true)}
2020-02-09 15:33:19.278 [restartedMain] WARN  c.z.h.u.DriverDataSource - [<init>,68] - Registered driver with driverClassName=com.mysql.jdbc.Driver was not found, trying direct instantiation.
2020-02-09 15:33:22.361 [restartedMain] WARN  o.s.b.a.o.j.JpaBaseConfiguration$JpaWebConfiguration$JpaWebMvcConfiguration - [openEntityManagerInViewInterceptor,234] - spring.jpa.open-in-view is enabled by default. Therefore, database queries may be performed during view rendering. Explicitly configure spring.jpa.open-in-view to disable this warning
2020-02-09 15:33:38.777 [http-nio-8080-exec-2] WARN  c.r.c.c.JwtRequestFilter - [doFilterInternal,58] - JWT Token does not begin with Bearer String
2020-02-09 15:36:47.120 [restartedMain] WARN  c.z.h.u.DriverDataSource - [<init>,68] - Registered driver with driverClassName=com.mysql.jdbc.Driver was not found, trying direct instantiation.
2020-02-09 15:36:50.420 [restartedMain] WARN  o.s.b.a.o.j.JpaBaseConfiguration$JpaWebConfiguration$JpaWebMvcConfiguration - [openEntityManagerInViewInterceptor,234] - spring.jpa.open-in-view is enabled by default. Therefore, database queries may be performed during view rendering. Explicitly configure spring.jpa.open-in-view to disable this warning
2020-02-09 15:40:12.642 [restartedMain] WARN  c.z.h.u.DriverDataSource - [<init>,68] - Registered driver with driverClassName=com.mysql.jdbc.Driver was not found, trying direct instantiation.
2020-02-09 15:40:15.739 [restartedMain] WARN  o.s.b.a.o.j.JpaBaseConfiguration$JpaWebConfiguration$JpaWebMvcConfiguration - [openEntityManagerInViewInterceptor,234] - spring.jpa.open-in-view is enabled by default. Therefore, database queries may be performed during view rendering. Explicitly configure spring.jpa.open-in-view to disable this warning
2020-02-09 15:42:47.691 [restartedMain] WARN  c.z.h.u.DriverDataSource - [<init>,68] - Registered driver with driverClassName=com.mysql.jdbc.Driver was not found, trying direct instantiation.
2020-02-09 15:42:50.992 [restartedMain] WARN  o.s.b.a.o.j.JpaBaseConfiguration$JpaWebConfiguration$JpaWebMvcConfiguration - [openEntityManagerInViewInterceptor,234] - spring.jpa.open-in-view is enabled by default. Therefore, database queries may be performed during view rendering. Explicitly configure spring.jpa.open-in-view to disable this warning
2020-02-09 15:44:11.107 [restartedMain] WARN  c.z.h.u.DriverDataSource - [<init>,68] - Registered driver with driverClassName=com.mysql.jdbc.Driver was not found, trying direct instantiation.
2020-02-09 15:44:14.380 [restartedMain] WARN  o.s.b.a.o.j.JpaBaseConfiguration$JpaWebConfiguration$JpaWebMvcConfiguration - [openEntityManagerInViewInterceptor,234] - spring.jpa.open-in-view is enabled by default. Therefore, database queries may be performed during view rendering. Explicitly configure spring.jpa.open-in-view to disable this warning
2020-02-09 15:45:14.610 [restartedMain] WARN  c.z.h.u.DriverDataSource - [<init>,68] - Registered driver with driverClassName=com.mysql.jdbc.Driver was not found, trying direct instantiation.
2020-02-09 15:45:17.966 [restartedMain] WARN  o.s.b.a.o.j.JpaBaseConfiguration$JpaWebConfiguration$JpaWebMvcConfiguration - [openEntityManagerInViewInterceptor,234] - spring.jpa.open-in-view is enabled by default. Therefore, database queries may be performed during view rendering. Explicitly configure spring.jpa.open-in-view to disable this warning
2020-02-09 15:46:54.531 [restartedMain] WARN  c.z.h.u.DriverDataSource - [<init>,68] - Registered driver with driverClassName=com.mysql.jdbc.Driver was not found, trying direct instantiation.
2020-02-09 15:46:57.763 [restartedMain] WARN  o.s.b.a.o.j.JpaBaseConfiguration$JpaWebConfiguration$JpaWebMvcConfiguration - [openEntityManagerInViewInterceptor,234] - spring.jpa.open-in-view is enabled by default. Therefore, database queries may be performed during view rendering. Explicitly configure spring.jpa.open-in-view to disable this warning
2020-02-09 15:48:22.610 [restartedMain] WARN  c.z.h.u.DriverDataSource - [<init>,68] - Registered driver with driverClassName=com.mysql.jdbc.Driver was not found, trying direct instantiation.
2020-02-09 15:48:25.858 [restartedMain] WARN  o.s.b.a.o.j.JpaBaseConfiguration$JpaWebConfiguration$JpaWebMvcConfiguration - [openEntityManagerInViewInterceptor,234] - spring.jpa.open-in-view is enabled by default. Therefore, database queries may be performed during view rendering. Explicitly configure spring.jpa.open-in-view to disable this warning
2020-02-09 15:49:46.016 [restartedMain] WARN  c.z.h.u.DriverDataSource - [<init>,68] - Registered driver with driverClassName=com.mysql.jdbc.Driver was not found, trying direct instantiation.
2020-02-09 15:49:49.145 [restartedMain] WARN  o.s.b.a.o.j.JpaBaseConfiguration$JpaWebConfiguration$JpaWebMvcConfiguration - [openEntityManagerInViewInterceptor,234] - spring.jpa.open-in-view is enabled by default. Therefore, database queries may be performed during view rendering. Explicitly configure spring.jpa.open-in-view to disable this warning
2020-02-09 15:50:30.017 [restartedMain] WARN  c.z.h.u.DriverDataSource - [<init>,68] - Registered driver with driverClassName=com.mysql.jdbc.Driver was not found, trying direct instantiation.
2020-02-09 15:50:33.149 [restartedMain] WARN  o.s.b.a.o.j.JpaBaseConfiguration$JpaWebConfiguration$JpaWebMvcConfiguration - [openEntityManagerInViewInterceptor,234] - spring.jpa.open-in-view is enabled by default. Therefore, database queries may be performed during view rendering. Explicitly configure spring.jpa.open-in-view to disable this warning
2020-02-09 15:51:54.214 [restartedMain] WARN  c.z.h.u.DriverDataSource - [<init>,68] - Registered driver with driverClassName=com.mysql.jdbc.Driver was not found, trying direct instantiation.
2020-02-09 15:51:57.436 [restartedMain] WARN  o.s.b.a.o.j.JpaBaseConfiguration$JpaWebConfiguration$JpaWebMvcConfiguration - [openEntityManagerInViewInterceptor,234] - spring.jpa.open-in-view is enabled by default. Therefore, database queries may be performed during view rendering. Explicitly configure spring.jpa.open-in-view to disable this warning
2020-02-09 15:53:38.185 [restartedMain] WARN  c.z.h.u.DriverDataSource - [<init>,68] - Registered driver with driverClassName=com.mysql.jdbc.Driver was not found, trying direct instantiation.
2020-02-09 15:53:41.581 [restartedMain] WARN  o.s.b.a.o.j.JpaBaseConfiguration$JpaWebConfiguration$JpaWebMvcConfiguration - [openEntityManagerInViewInterceptor,234] - spring.jpa.open-in-view is enabled by default. Therefore, database queries may be performed during view rendering. Explicitly configure spring.jpa.open-in-view to disable this warning
2020-02-09 15:56:42.116 [restartedMain] WARN  c.z.h.u.DriverDataSource - [<init>,68] - Registered driver with driverClassName=com.mysql.jdbc.Driver was not found, trying direct instantiation.
2020-02-09 15:56:45.321 [restartedMain] WARN  o.s.b.a.o.j.JpaBaseConfiguration$JpaWebConfiguration$JpaWebMvcConfiguration - [openEntityManagerInViewInterceptor,234] - spring.jpa.open-in-view is enabled by default. Therefore, database queries may be performed during view rendering. Explicitly configure spring.jpa.open-in-view to disable this warning
2020-02-09 15:58:23.230 [restartedMain] WARN  c.z.h.u.DriverDataSource - [<init>,68] - Registered driver with driverClassName=com.mysql.jdbc.Driver was not found, trying direct instantiation.
2020-02-09 15:58:26.434 [restartedMain] WARN  o.s.b.a.o.j.JpaBaseConfiguration$JpaWebConfiguration$JpaWebMvcConfiguration - [openEntityManagerInViewInterceptor,234] - spring.jpa.open-in-view is enabled by default. Therefore, database queries may be performed during view rendering. Explicitly configure spring.jpa.open-in-view to disable this warning
2020-02-09 15:59:34.593 [restartedMain] WARN  c.z.h.u.DriverDataSource - [<init>,68] - Registered driver with driverClassName=com.mysql.jdbc.Driver was not found, trying direct instantiation.
2020-02-09 15:59:37.711 [restartedMain] WARN  o.s.b.a.o.j.JpaBaseConfiguration$JpaWebConfiguration$JpaWebMvcConfiguration - [openEntityManagerInViewInterceptor,234] - spring.jpa.open-in-view is enabled by default. Therefore, database queries may be performed during view rendering. Explicitly configure spring.jpa.open-in-view to disable this warning
2020-02-09 16:02:51.122 [restartedMain] WARN  c.z.h.u.DriverDataSource - [<init>,68] - Registered driver with driverClassName=com.mysql.jdbc.Driver was not found, trying direct instantiation.
2020-02-09 16:02:54.567 [restartedMain] WARN  o.s.b.a.o.j.JpaBaseConfiguration$JpaWebConfiguration$JpaWebMvcConfiguration - [openEntityManagerInViewInterceptor,234] - spring.jpa.open-in-view is enabled by default. Therefore, database queries may be performed during view rendering. Explicitly configure spring.jpa.open-in-view to disable this warning
2020-02-09 16:07:23.666 [restartedMain] WARN  c.z.h.u.DriverDataSource - [<init>,68] - Registered driver with driverClassName=com.mysql.jdbc.Driver was not found, trying direct instantiation.
2020-02-09 16:07:26.883 [restartedMain] WARN  o.s.b.a.o.j.JpaBaseConfiguration$JpaWebConfiguration$JpaWebMvcConfiguration - [openEntityManagerInViewInterceptor,234] - spring.jpa.open-in-view is enabled by default. Therefore, database queries may be performed during view rendering. Explicitly configure spring.jpa.open-in-view to disable this warning
2020-02-09 16:08:35.603 [restartedMain] WARN  c.z.h.u.DriverDataSource - [<init>,68] - Registered driver with driverClassName=com.mysql.jdbc.Driver was not found, trying direct instantiation.
2020-02-09 16:08:38.745 [restartedMain] WARN  o.s.b.a.o.j.JpaBaseConfiguration$JpaWebConfiguration$JpaWebMvcConfiguration - [openEntityManagerInViewInterceptor,234] - spring.jpa.open-in-view is enabled by default. Therefore, database queries may be performed during view rendering. Explicitly configure spring.jpa.open-in-view to disable this warning
2020-02-09 16:09:29.956 [restartedMain] WARN  c.z.h.u.DriverDataSource - [<init>,68] - Registered driver with driverClassName=com.mysql.jdbc.Driver was not found, trying direct instantiation.
2020-02-09 16:09:33.193 [restartedMain] WARN  o.s.b.a.o.j.JpaBaseConfiguration$JpaWebConfiguration$JpaWebMvcConfiguration - [openEntityManagerInViewInterceptor,234] - spring.jpa.open-in-view is enabled by default. Therefore, database queries may be performed during view rendering. Explicitly configure spring.jpa.open-in-view to disable this warning
2020-02-09 16:12:11.745 [restartedMain] WARN  c.z.h.u.DriverDataSource - [<init>,68] - Registered driver with driverClassName=com.mysql.jdbc.Driver was not found, trying direct instantiation.
2020-02-09 16:12:15.041 [restartedMain] WARN  o.s.b.a.o.j.JpaBaseConfiguration$JpaWebConfiguration$JpaWebMvcConfiguration - [openEntityManagerInViewInterceptor,234] - spring.jpa.open-in-view is enabled by default. Therefore, database queries may be performed during view rendering. Explicitly configure spring.jpa.open-in-view to disable this warning
2020-02-09 16:19:29.655 [restartedMain] WARN  c.z.h.u.DriverDataSource - [<init>,68] - Registered driver with driverClassName=com.mysql.jdbc.Driver was not found, trying direct instantiation.
2020-02-09 16:19:32.754 [restartedMain] WARN  o.s.b.a.o.j.JpaBaseConfiguration$JpaWebConfiguration$JpaWebMvcConfiguration - [openEntityManagerInViewInterceptor,234] - spring.jpa.open-in-view is enabled by default. Therefore, database queries may be performed during view rendering. Explicitly configure spring.jpa.open-in-view to disable this warning
2020-02-09 16:22:36.708 [restartedMain] WARN  c.z.h.u.DriverDataSource - [<init>,68] - Registered driver with driverClassName=com.mysql.jdbc.Driver was not found, trying direct instantiation.
2020-02-09 16:22:39.933 [restartedMain] WARN  o.s.b.a.o.j.JpaBaseConfiguration$JpaWebConfiguration$JpaWebMvcConfiguration - [openEntityManagerInViewInterceptor,234] - spring.jpa.open-in-view is enabled by default. Therefore, database queries may be performed during view rendering. Explicitly configure spring.jpa.open-in-view to disable this warning
2020-02-09 16:24:22.541 [restartedMain] WARN  c.z.h.u.DriverDataSource - [<init>,68] - Registered driver with driverClassName=com.mysql.jdbc.Driver was not found, trying direct instantiation.
2020-02-09 16:24:26.195 [restartedMain] WARN  o.s.b.a.o.j.JpaBaseConfiguration$JpaWebConfiguration$JpaWebMvcConfiguration - [openEntityManagerInViewInterceptor,234] - spring.jpa.open-in-view is enabled by default. Therefore, database queries may be performed during view rendering. Explicitly configure spring.jpa.open-in-view to disable this warning
2020-02-09 16:25:46.655 [restartedMain] WARN  c.z.h.u.DriverDataSource - [<init>,68] - Registered driver with driverClassName=com.mysql.jdbc.Driver was not found, trying direct instantiation.
2020-02-09 16:25:49.854 [restartedMain] WARN  o.s.b.a.o.j.JpaBaseConfiguration$JpaWebConfiguration$JpaWebMvcConfiguration - [openEntityManagerInViewInterceptor,234] - spring.jpa.open-in-view is enabled by default. Therefore, database queries may be performed during view rendering. Explicitly configure spring.jpa.open-in-view to disable this warning
2020-02-09 16:26:09.271 [restartedMain] WARN  c.z.h.u.DriverDataSource - [<init>,68] - Registered driver with driverClassName=com.mysql.jdbc.Driver was not found, trying direct instantiation.
2020-02-09 16:26:12.927 [restartedMain] WARN  o.s.b.a.o.j.JpaBaseConfiguration$JpaWebConfiguration$JpaWebMvcConfiguration - [openEntityManagerInViewInterceptor,234] - spring.jpa.open-in-view is enabled by default. Therefore, database queries may be performed during view rendering. Explicitly configure spring.jpa.open-in-view to disable this warning
2020-02-09 16:27:22.938 [restartedMain] WARN  c.z.h.u.DriverDataSource - [<init>,68] - Registered driver with driverClassName=com.mysql.jdbc.Driver was not found, trying direct instantiation.
2020-02-09 16:27:26.897 [restartedMain] WARN  o.s.b.a.o.j.JpaBaseConfiguration$JpaWebConfiguration$JpaWebMvcConfiguration - [openEntityManagerInViewInterceptor,234] - spring.jpa.open-in-view is enabled by default. Therefore, database queries may be performed during view rendering. Explicitly configure spring.jpa.open-in-view to disable this warning
2020-02-09 16:28:46.266 [restartedMain] WARN  c.z.h.u.DriverDataSource - [<init>,68] - Registered driver with driverClassName=com.mysql.jdbc.Driver was not found, trying direct instantiation.
2020-02-09 16:28:49.510 [restartedMain] WARN  o.s.b.a.o.j.JpaBaseConfiguration$JpaWebConfiguration$JpaWebMvcConfiguration - [openEntityManagerInViewInterceptor,234] - spring.jpa.open-in-view is enabled by default. Therefore, database queries may be performed during view rendering. Explicitly configure spring.jpa.open-in-view to disable this warning
2020-02-09 16:31:41.980 [restartedMain] WARN  c.z.h.u.DriverDataSource - [<init>,68] - Registered driver with driverClassName=com.mysql.jdbc.Driver was not found, trying direct instantiation.
2020-02-09 16:31:45.206 [restartedMain] WARN  o.s.b.a.o.j.JpaBaseConfiguration$JpaWebConfiguration$JpaWebMvcConfiguration - [openEntityManagerInViewInterceptor,234] - spring.jpa.open-in-view is enabled by default. Therefore, database queries may be performed during view rendering. Explicitly configure spring.jpa.open-in-view to disable this warning
2020-02-09 16:32:16.368 [restartedMain] WARN  c.z.h.u.DriverDataSource - [<init>,68] - Registered driver with driverClassName=com.mysql.jdbc.Driver was not found, trying direct instantiation.
2020-02-09 16:32:19.512 [restartedMain] WARN  o.s.b.a.o.j.JpaBaseConfiguration$JpaWebConfiguration$JpaWebMvcConfiguration - [openEntityManagerInViewInterceptor,234] - spring.jpa.open-in-view is enabled by default. Therefore, database queries may be performed during view rendering. Explicitly configure spring.jpa.open-in-view to disable this warning
2020-02-09 16:32:40.416 [restartedMain] WARN  c.z.h.u.DriverDataSource - [<init>,68] - Registered driver with driverClassName=com.mysql.jdbc.Driver was not found, trying direct instantiation.
2020-02-09 16:32:43.783 [restartedMain] WARN  o.s.b.a.o.j.JpaBaseConfiguration$JpaWebConfiguration$JpaWebMvcConfiguration - [openEntityManagerInViewInterceptor,234] - spring.jpa.open-in-view is enabled by default. Therefore, database queries may be performed during view rendering. Explicitly configure spring.jpa.open-in-view to disable this warning
2020-02-09 16:33:54.802 [restartedMain] WARN  c.z.h.u.DriverDataSource - [<init>,68] - Registered driver with driverClassName=com.mysql.jdbc.Driver was not found, trying direct instantiation.
2020-02-09 16:33:58.049 [restartedMain] WARN  o.s.b.a.o.j.JpaBaseConfiguration$JpaWebConfiguration$JpaWebMvcConfiguration - [openEntityManagerInViewInterceptor,234] - spring.jpa.open-in-view is enabled by default. Therefore, database queries may be performed during view rendering. Explicitly configure spring.jpa.open-in-view to disable this warning
2020-02-09 16:34:39.200 [restartedMain] WARN  c.z.h.u.DriverDataSource - [<init>,68] - Registered driver with driverClassName=com.mysql.jdbc.Driver was not found, trying direct instantiation.
2020-02-09 16:34:43.201 [restartedMain] WARN  o.s.b.a.o.j.JpaBaseConfiguration$JpaWebConfiguration$JpaWebMvcConfiguration - [openEntityManagerInViewInterceptor,234] - spring.jpa.open-in-view is enabled by default. Therefore, database queries may be performed during view rendering. Explicitly configure spring.jpa.open-in-view to disable this warning
2020-02-09 16:35:18.970 [restartedMain] WARN  c.z.h.u.DriverDataSource - [<init>,68] - Registered driver with driverClassName=com.mysql.jdbc.Driver was not found, trying direct instantiation.
2020-02-09 16:35:22.169 [restartedMain] WARN  o.s.b.a.o.j.JpaBaseConfiguration$JpaWebConfiguration$JpaWebMvcConfiguration - [openEntityManagerInViewInterceptor,234] - spring.jpa.open-in-view is enabled by default. Therefore, database queries may be performed during view rendering. Explicitly configure spring.jpa.open-in-view to disable this warning
