2020-01-28 16:58:14.218 [restartedMain] WARN  c.z.h.u.DriverDataSource - [<init>,70] - Registered driver with driverClassName=com.mysql.jdbc.Driver was not found, trying direct instantiation.
2020-01-28 16:58:16.622 [restartedMain] WARN  o.s.b.a.o.j.JpaBaseConfiguration$JpaWebConfiguration - [openEntityManagerInViewInterceptor,220] - spring.jpa.open-in-view is enabled by default. Therefore, database queries may be performed during view rendering. Explicitly configure spring.jpa.open-in-view to disable this warning
2020-01-28 17:04:05.534 [restartedMain] WARN  c.z.h.u.DriverDataSource - [<init>,70] - Registered driver with driverClassName=com.mysql.jdbc.Driver was not found, trying direct instantiation.
2020-01-28 17:04:08.390 [restartedMain] WARN  o.s.b.a.o.j.JpaBaseConfiguration$JpaWebConfiguration - [openEntityManagerInViewInterceptor,220] - spring.jpa.open-in-view is enabled by default. Therefore, database queries may be performed during view rendering. Explicitly configure spring.jpa.open-in-view to disable this warning
2020-01-28 17:05:31.057 [restartedMain] WARN  c.z.h.u.DriverDataSource - [<init>,70] - Registered driver with driverClassName=com.mysql.jdbc.Driver was not found, trying direct instantiation.
2020-01-28 17:05:33.517 [restartedMain] WARN  o.s.b.a.o.j.JpaBaseConfiguration$JpaWebConfiguration - [openEntityManagerInViewInterceptor,220] - spring.jpa.open-in-view is enabled by default. Therefore, database queries may be performed during view rendering. Explicitly configure spring.jpa.open-in-view to disable this warning
2020-01-28 17:30:45.298 [restartedMain] WARN  c.z.h.u.DriverDataSource - [<init>,70] - Registered driver with driverClassName=com.mysql.jdbc.Driver was not found, trying direct instantiation.
2020-01-28 17:30:47.989 [restartedMain] WARN  o.s.b.a.o.j.JpaBaseConfiguration$JpaWebConfiguration - [openEntityManagerInViewInterceptor,220] - spring.jpa.open-in-view is enabled by default. Therefore, database queries may be performed during view rendering. Explicitly configure spring.jpa.open-in-view to disable this warning
2020-01-28 17:30:55.499 [http-nio-8080-exec-1] WARN  o.s.w.s.m.m.a.ExceptionHandlerExceptionResolver - [logException,199] - Resolved [BaseException(code=RESOURCES_NOT_EXIST)]
2020-01-28 17:31:16.294 [http-nio-8080-exec-5] WARN  o.s.w.s.m.m.a.ExceptionHandlerExceptionResolver - [logException,199] - Resolved [BaseException(code=RESOURCES_NOT_EXIST)]
2020-01-28 17:31:20.562 [http-nio-8080-exec-7] WARN  o.s.w.s.m.m.a.ExceptionHandlerExceptionResolver - [logException,199] - Resolved [BaseException(code=RESOURCES_NOT_EXIST)]
2020-01-28 17:31:52.551 [restartedMain] WARN  c.z.h.u.DriverDataSource - [<init>,70] - Registered driver with driverClassName=com.mysql.jdbc.Driver was not found, trying direct instantiation.
2020-01-28 17:31:58.192 [restartedMain] WARN  o.s.b.a.o.j.JpaBaseConfiguration$JpaWebConfiguration - [openEntityManagerInViewInterceptor,220] - spring.jpa.open-in-view is enabled by default. Therefore, database queries may be performed during view rendering. Explicitly configure spring.jpa.open-in-view to disable this warning
2020-01-28 17:32:02.767 [http-nio-8080-exec-2] WARN  o.s.w.s.m.m.a.ExceptionHandlerExceptionResolver - [logException,199] - Resolved [BaseException(code=SERVICE_ERROR)]
2020-01-28 17:36:39.307 [restartedMain] WARN  c.z.h.u.DriverDataSource - [<init>,70] - Registered driver with driverClassName=com.mysql.jdbc.Driver was not found, trying direct instantiation.
2020-01-28 17:36:42.065 [restartedMain] WARN  o.s.b.a.o.j.JpaBaseConfiguration$JpaWebConfiguration - [openEntityManagerInViewInterceptor,220] - spring.jpa.open-in-view is enabled by default. Therefore, database queries may be performed during view rendering. Explicitly configure spring.jpa.open-in-view to disable this warning
2020-01-28 17:36:47.675 [http-nio-8080-exec-1] WARN  o.s.w.s.m.m.a.ExceptionHandlerExceptionResolver - [logException,199] - Resolved [BaseException(code=SERVICE_ERROR)]
2020-01-28 17:37:38.421 [restartedMain] WARN  c.z.h.u.DriverDataSource - [<init>,70] - Registered driver with driverClassName=com.mysql.jdbc.Driver was not found, trying direct instantiation.
2020-01-28 17:37:41.127 [restartedMain] WARN  o.s.b.a.o.j.JpaBaseConfiguration$JpaWebConfiguration - [openEntityManagerInViewInterceptor,220] - spring.jpa.open-in-view is enabled by default. Therefore, database queries may be performed during view rendering. Explicitly configure spring.jpa.open-in-view to disable this warning
2020-01-28 17:37:46.218 [http-nio-8080-exec-1] WARN  o.s.w.s.m.m.a.ExceptionHandlerExceptionResolver - [logException,199] - Resolved [java.lang.ArrayIndexOutOfBoundsException: 2]
2020-01-28 17:37:49.057 [http-nio-8080-exec-2] WARN  o.s.w.s.m.m.a.ExceptionHandlerExceptionResolver - [logException,199] - Resolved [java.lang.ArrayIndexOutOfBoundsException: 2]
2020-01-28 17:38:34.532 [restartedMain] WARN  c.z.h.u.DriverDataSource - [<init>,70] - Registered driver with driverClassName=com.mysql.jdbc.Driver was not found, trying direct instantiation.
2020-01-28 17:38:37.075 [restartedMain] WARN  o.s.b.a.o.j.JpaBaseConfiguration$JpaWebConfiguration - [openEntityManagerInViewInterceptor,220] - spring.jpa.open-in-view is enabled by default. Therefore, database queries may be performed during view rendering. Explicitly configure spring.jpa.open-in-view to disable this warning
2020-01-28 17:39:19.146 [restartedMain] WARN  c.z.h.u.DriverDataSource - [<init>,70] - Registered driver with driverClassName=com.mysql.jdbc.Driver was not found, trying direct instantiation.
2020-01-28 17:39:21.611 [restartedMain] WARN  o.s.b.a.o.j.JpaBaseConfiguration$JpaWebConfiguration - [openEntityManagerInViewInterceptor,220] - spring.jpa.open-in-view is enabled by default. Therefore, database queries may be performed during view rendering. Explicitly configure spring.jpa.open-in-view to disable this warning
2020-01-28 17:39:26.604 [http-nio-8080-exec-1] WARN  o.s.w.s.m.m.a.ExceptionHandlerExceptionResolver - [logException,199] - Resolved [BaseException(code=SERVICE_ERROR)]
2020-01-28 17:40:41.531 [restartedMain] WARN  c.z.h.u.DriverDataSource - [<init>,70] - Registered driver with driverClassName=com.mysql.jdbc.Driver was not found, trying direct instantiation.
2020-01-28 17:40:44.130 [restartedMain] WARN  o.s.b.a.o.j.JpaBaseConfiguration$JpaWebConfiguration - [openEntityManagerInViewInterceptor,220] - spring.jpa.open-in-view is enabled by default. Therefore, database queries may be performed during view rendering. Explicitly configure spring.jpa.open-in-view to disable this warning
2020-01-28 17:40:49.180 [http-nio-8080-exec-1] WARN  o.s.w.s.m.m.a.ExceptionHandlerExceptionResolver - [logException,199] - Resolved [BaseException(code=RESOURCES_NOT_EXIST)]
2020-01-28 17:43:48.897 [restartedMain] WARN  c.z.h.u.DriverDataSource - [<init>,70] - Registered driver with driverClassName=com.mysql.jdbc.Driver was not found, trying direct instantiation.
2020-01-28 17:43:51.483 [restartedMain] WARN  o.s.b.a.o.j.JpaBaseConfiguration$JpaWebConfiguration - [openEntityManagerInViewInterceptor,220] - spring.jpa.open-in-view is enabled by default. Therefore, database queries may be performed during view rendering. Explicitly configure spring.jpa.open-in-view to disable this warning
2020-01-28 17:43:58.385 [http-nio-8080-exec-1] WARN  o.s.w.s.m.m.a.ExceptionHandlerExceptionResolver - [logException,199] - Resolved [BaseException(code=RESOURCES_NOT_EXIST)]
2020-01-28 20:00:44.475 [restartedMain] WARN  c.z.h.u.DriverDataSource - [<init>,70] - Registered driver with driverClassName=com.mysql.jdbc.Driver was not found, trying direct instantiation.
2020-01-28 20:00:47.585 [restartedMain] WARN  o.s.b.a.o.j.JpaBaseConfiguration$JpaWebConfiguration - [openEntityManagerInViewInterceptor,220] - spring.jpa.open-in-view is enabled by default. Therefore, database queries may be performed during view rendering. Explicitly configure spring.jpa.open-in-view to disable this warning
2020-01-28 20:01:17.933 [http-nio-8080-exec-4] WARN  o.s.w.s.m.m.a.ExceptionHandlerExceptionResolver - [logException,199] - Resolved [java.lang.ArithmeticException: / by zero]
2020-01-28 20:02:19.685 [restartedMain] WARN  c.z.h.u.DriverDataSource - [<init>,70] - Registered driver with driverClassName=com.mysql.jdbc.Driver was not found, trying direct instantiation.
2020-01-28 20:02:22.349 [restartedMain] WARN  o.s.b.a.o.j.JpaBaseConfiguration$JpaWebConfiguration - [openEntityManagerInViewInterceptor,220] - spring.jpa.open-in-view is enabled by default. Therefore, database queries may be performed during view rendering. Explicitly configure spring.jpa.open-in-view to disable this warning
2020-01-28 20:02:30.429 [http-nio-8080-exec-1] WARN  o.s.w.s.m.m.a.ExceptionHandlerExceptionResolver - [logException,199] - Resolved [java.lang.ArithmeticException: / by zero]
2020-01-28 20:04:23.496 [restartedMain] WARN  c.z.h.u.DriverDataSource - [<init>,70] - Registered driver with driverClassName=com.mysql.jdbc.Driver was not found, trying direct instantiation.
2020-01-28 20:04:26.306 [restartedMain] WARN  o.s.b.a.o.j.JpaBaseConfiguration$JpaWebConfiguration - [openEntityManagerInViewInterceptor,220] - spring.jpa.open-in-view is enabled by default. Therefore, database queries may be performed during view rendering. Explicitly configure spring.jpa.open-in-view to disable this warning
2020-01-28 20:04:31.478 [http-nio-8080-exec-1] WARN  o.s.w.s.m.m.a.ExceptionHandlerExceptionResolver - [logException,199] - Resolved [BaseException(code=RESOURCES_NOT_EXIST)]
